try_compiler_option: checking for -Wall option to compiler... -------------------- yes

"gcc -o conftest -I/home/simon/.rvm/rubies/ruby-1.9.3-p194/include/ruby-1.9.1/x86_64-linux -I/home/simon/.rvm/rubies/ruby-1.9.3-p194/include/ruby-1.9.1/ruby/backward -I/home/simon/.rvm/rubies/ruby-1.9.3-p194/include/ruby-1.9.1 -I. -I/home/simon/.rvm/usr/include     -O3 -ggdb -Wextra -Wno-unused-parameter -Wno-parentheses -Wno-long-long -Wno-missing-field-initializers -Wpointer-arith -Wwrite-strings -Wdeclaration-after-statement -Wimplicit-function-declaration  -fPIC conftest.c  -L. -L/home/simon/.rvm/rubies/ruby-1.9.3-p194/lib -Wl,-R/home/simon/.rvm/rubies/ruby-1.9.3-p194/lib -L/home/simon/.rvm/usr/lib -Wl,-R/home/simon/.rvm/usr/lib -L.  -rdynamic -Wl,-export-dynamic     -Wl,-R -Wl,/home/simon/.rvm/rubies/ruby-1.9.3-p194/lib -L/home/simon/.rvm/rubies/ruby-1.9.3-p194/lib -lruby  -lpthread -lrt -ldl -lcrypt -lm   -lc"
checked program was:
/* begin */
1: #include "ruby.h"
2: 
3: int main() {return 0;}
/* end */

"gcc -I/home/simon/.rvm/rubies/ruby-1.9.3-p194/include/ruby-1.9.1/x86_64-linux -I/home/simon/.rvm/rubies/ruby-1.9.3-p194/include/ruby-1.9.1/ruby/backward -I/home/simon/.rvm/rubies/ruby-1.9.3-p194/include/ruby-1.9.1 -I. -I/home/simon/.rvm/usr/include     -O3 -ggdb -Wextra -Wno-unused-parameter -Wno-parentheses -Wno-long-long -Wno-missing-field-initializers -Wpointer-arith -Wwrite-strings -Wdeclaration-after-statement -Wimplicit-function-declaration  -fPIC  -Wall -c conftest.c"
checked program was:
/* begin */
1: #include "ruby.h"
/* end */

--------------------

try_compiler_option: checking for -Waggregate-return option to compiler... -------------------- yes

"gcc -I/home/simon/.rvm/rubies/ruby-1.9.3-p194/include/ruby-1.9.1/x86_64-linux -I/home/simon/.rvm/rubies/ruby-1.9.3-p194/include/ruby-1.9.1/ruby/backward -I/home/simon/.rvm/rubies/ruby-1.9.3-p194/include/ruby-1.9.1 -I. -I/home/simon/.rvm/usr/include     -O3 -ggdb -Wextra -Wno-unused-parameter -Wno-parentheses -Wno-long-long -Wno-missing-field-initializers -Wpointer-arith -Wwrite-strings -Wdeclaration-after-statement -Wimplicit-function-declaration  -fPIC -Wall  -Waggregate-return -c conftest.c"
checked program was:
/* begin */
1: #include "ruby.h"
/* end */

--------------------

try_compiler_option: checking for -Wcast-align option to compiler... -------------------- yes

"gcc -I/home/simon/.rvm/rubies/ruby-1.9.3-p194/include/ruby-1.9.1/x86_64-linux -I/home/simon/.rvm/rubies/ruby-1.9.3-p194/include/ruby-1.9.1/ruby/backward -I/home/simon/.rvm/rubies/ruby-1.9.3-p194/include/ruby-1.9.1 -I. -I/home/simon/.rvm/usr/include     -O3 -ggdb -Wextra -Wno-unused-parameter -Wno-parentheses -Wno-long-long -Wno-missing-field-initializers -Wpointer-arith -Wwrite-strings -Wdeclaration-after-statement -Wimplicit-function-declaration  -fPIC -Wall -Waggregate-return  -Wcast-align -c conftest.c"
checked program was:
/* begin */
1: #include "ruby.h"
/* end */

--------------------

try_compiler_option: checking for -Wextra option to compiler... -------------------- yes

"gcc -I/home/simon/.rvm/rubies/ruby-1.9.3-p194/include/ruby-1.9.1/x86_64-linux -I/home/simon/.rvm/rubies/ruby-1.9.3-p194/include/ruby-1.9.1/ruby/backward -I/home/simon/.rvm/rubies/ruby-1.9.3-p194/include/ruby-1.9.1 -I. -I/home/simon/.rvm/usr/include     -O3 -ggdb -Wextra -Wno-unused-parameter -Wno-parentheses -Wno-long-long -Wno-missing-field-initializers -Wpointer-arith -Wwrite-strings -Wdeclaration-after-statement -Wimplicit-function-declaration  -fPIC -Wall -Waggregate-return -Wcast-align  -Wextra -c conftest.c"
checked program was:
/* begin */
1: #include "ruby.h"
/* end */

--------------------

try_compiler_option: checking for -Wformat=2 option to compiler... -------------------- yes

"gcc -I/home/simon/.rvm/rubies/ruby-1.9.3-p194/include/ruby-1.9.1/x86_64-linux -I/home/simon/.rvm/rubies/ruby-1.9.3-p194/include/ruby-1.9.1/ruby/backward -I/home/simon/.rvm/rubies/ruby-1.9.3-p194/include/ruby-1.9.1 -I. -I/home/simon/.rvm/usr/include     -O3 -ggdb -Wextra -Wno-unused-parameter -Wno-parentheses -Wno-long-long -Wno-missing-field-initializers -Wpointer-arith -Wwrite-strings -Wdeclaration-after-statement -Wimplicit-function-declaration  -fPIC -Wall -Waggregate-return -Wcast-align -Wextra  -Wformat=2 -c conftest.c"
checked program was:
/* begin */
1: #include "ruby.h"
/* end */

--------------------

try_compiler_option: checking for -Winit-self option to compiler... -------------------- yes

"gcc -I/home/simon/.rvm/rubies/ruby-1.9.3-p194/include/ruby-1.9.1/x86_64-linux -I/home/simon/.rvm/rubies/ruby-1.9.3-p194/include/ruby-1.9.1/ruby/backward -I/home/simon/.rvm/rubies/ruby-1.9.3-p194/include/ruby-1.9.1 -I. -I/home/simon/.rvm/usr/include     -O3 -ggdb -Wextra -Wno-unused-parameter -Wno-parentheses -Wno-long-long -Wno-missing-field-initializers -Wpointer-arith -Wwrite-strings -Wdeclaration-after-statement -Wimplicit-function-declaration  -fPIC -Wall -Waggregate-return -Wcast-align -Wextra -Wformat=2  -Winit-self -c conftest.c"
checked program was:
/* begin */
1: #include "ruby.h"
/* end */

--------------------

try_compiler_option: checking for -Wlarger-than-65500 option to compiler... -------------------- yes

"gcc -I/home/simon/.rvm/rubies/ruby-1.9.3-p194/include/ruby-1.9.1/x86_64-linux -I/home/simon/.rvm/rubies/ruby-1.9.3-p194/include/ruby-1.9.1/ruby/backward -I/home/simon/.rvm/rubies/ruby-1.9.3-p194/include/ruby-1.9.1 -I. -I/home/simon/.rvm/usr/include     -O3 -ggdb -Wextra -Wno-unused-parameter -Wno-parentheses -Wno-long-long -Wno-missing-field-initializers -Wpointer-arith -Wwrite-strings -Wdeclaration-after-statement -Wimplicit-function-declaration  -fPIC -Wall -Waggregate-return -Wcast-align -Wextra -Wformat=2 -Winit-self  -Wlarger-than-65500 -c conftest.c"
checked program was:
/* begin */
1: #include "ruby.h"
/* end */

--------------------

try_compiler_option: checking for -Wmissing-declarations option to compiler... -------------------- yes

"gcc -I/home/simon/.rvm/rubies/ruby-1.9.3-p194/include/ruby-1.9.1/x86_64-linux -I/home/simon/.rvm/rubies/ruby-1.9.3-p194/include/ruby-1.9.1/ruby/backward -I/home/simon/.rvm/rubies/ruby-1.9.3-p194/include/ruby-1.9.1 -I. -I/home/simon/.rvm/usr/include     -O3 -ggdb -Wextra -Wno-unused-parameter -Wno-parentheses -Wno-long-long -Wno-missing-field-initializers -Wpointer-arith -Wwrite-strings -Wdeclaration-after-statement -Wimplicit-function-declaration  -fPIC -Wall -Waggregate-return -Wcast-align -Wextra -Wformat=2 -Winit-self -Wlarger-than-65500  -Wmissing-declarations -c conftest.c"
checked program was:
/* begin */
1: #include "ruby.h"
/* end */

--------------------

try_compiler_option: checking for -Wmissing-format-attribute option to compiler... -------------------- yes

"gcc -I/home/simon/.rvm/rubies/ruby-1.9.3-p194/include/ruby-1.9.1/x86_64-linux -I/home/simon/.rvm/rubies/ruby-1.9.3-p194/include/ruby-1.9.1/ruby/backward -I/home/simon/.rvm/rubies/ruby-1.9.3-p194/include/ruby-1.9.1 -I. -I/home/simon/.rvm/usr/include     -O3 -ggdb -Wextra -Wno-unused-parameter -Wno-parentheses -Wno-long-long -Wno-missing-field-initializers -Wpointer-arith -Wwrite-strings -Wdeclaration-after-statement -Wimplicit-function-declaration  -fPIC -Wall -Waggregate-return -Wcast-align -Wextra -Wformat=2 -Winit-self -Wlarger-than-65500 -Wmissing-declarations  -Wmissing-format-attribute -c conftest.c"
checked program was:
/* begin */
1: #include "ruby.h"
/* end */

--------------------

try_compiler_option: checking for -Wmissing-include-dirs option to compiler... -------------------- yes

"gcc -I/home/simon/.rvm/rubies/ruby-1.9.3-p194/include/ruby-1.9.1/x86_64-linux -I/home/simon/.rvm/rubies/ruby-1.9.3-p194/include/ruby-1.9.1/ruby/backward -I/home/simon/.rvm/rubies/ruby-1.9.3-p194/include/ruby-1.9.1 -I. -I/home/simon/.rvm/usr/include     -O3 -ggdb -Wextra -Wno-unused-parameter -Wno-parentheses -Wno-long-long -Wno-missing-field-initializers -Wpointer-arith -Wwrite-strings -Wdeclaration-after-statement -Wimplicit-function-declaration  -fPIC -Wall -Waggregate-return -Wcast-align -Wextra -Wformat=2 -Winit-self -Wlarger-than-65500 -Wmissing-declarations -Wmissing-format-attribute  -Wmissing-include-dirs -c conftest.c"
checked program was:
/* begin */
1: #include "ruby.h"
/* end */

--------------------

try_compiler_option: checking for -Wmissing-noreturn option to compiler... -------------------- yes

"gcc -I/home/simon/.rvm/rubies/ruby-1.9.3-p194/include/ruby-1.9.1/x86_64-linux -I/home/simon/.rvm/rubies/ruby-1.9.3-p194/include/ruby-1.9.1/ruby/backward -I/home/simon/.rvm/rubies/ruby-1.9.3-p194/include/ruby-1.9.1 -I. -I/home/simon/.rvm/usr/include     -O3 -ggdb -Wextra -Wno-unused-parameter -Wno-parentheses -Wno-long-long -Wno-missing-field-initializers -Wpointer-arith -Wwrite-strings -Wdeclaration-after-statement -Wimplicit-function-declaration  -fPIC -Wall -Waggregate-return -Wcast-align -Wextra -Wformat=2 -Winit-self -Wlarger-than-65500 -Wmissing-declarations -Wmissing-format-attribute -Wmissing-include-dirs  -Wmissing-noreturn -c conftest.c"
checked program was:
/* begin */
1: #include "ruby.h"
/* end */

--------------------

try_compiler_option: checking for -Wmissing-prototypes option to compiler... -------------------- yes

"gcc -I/home/simon/.rvm/rubies/ruby-1.9.3-p194/include/ruby-1.9.1/x86_64-linux -I/home/simon/.rvm/rubies/ruby-1.9.3-p194/include/ruby-1.9.1/ruby/backward -I/home/simon/.rvm/rubies/ruby-1.9.3-p194/include/ruby-1.9.1 -I. -I/home/simon/.rvm/usr/include     -O3 -ggdb -Wextra -Wno-unused-parameter -Wno-parentheses -Wno-long-long -Wno-missing-field-initializers -Wpointer-arith -Wwrite-strings -Wdeclaration-after-statement -Wimplicit-function-declaration  -fPIC -Wall -Waggregate-return -Wcast-align -Wextra -Wformat=2 -Winit-self -Wlarger-than-65500 -Wmissing-declarations -Wmissing-format-attribute -Wmissing-include-dirs -Wmissing-noreturn  -Wmissing-prototypes -c conftest.c"
checked program was:
/* begin */
1: #include "ruby.h"
/* end */

--------------------

try_compiler_option: checking for -Wnested-externs option to compiler... -------------------- yes

"gcc -I/home/simon/.rvm/rubies/ruby-1.9.3-p194/include/ruby-1.9.1/x86_64-linux -I/home/simon/.rvm/rubies/ruby-1.9.3-p194/include/ruby-1.9.1/ruby/backward -I/home/simon/.rvm/rubies/ruby-1.9.3-p194/include/ruby-1.9.1 -I. -I/home/simon/.rvm/usr/include     -O3 -ggdb -Wextra -Wno-unused-parameter -Wno-parentheses -Wno-long-long -Wno-missing-field-initializers -Wpointer-arith -Wwrite-strings -Wdeclaration-after-statement -Wimplicit-function-declaration  -fPIC -Wall -Waggregate-return -Wcast-align -Wextra -Wformat=2 -Winit-self -Wlarger-than-65500 -Wmissing-declarations -Wmissing-format-attribute -Wmissing-include-dirs -Wmissing-noreturn -Wmissing-prototypes  -Wnested-externs -c conftest.c"
checked program was:
/* begin */
1: #include "ruby.h"
/* end */

--------------------

try_compiler_option: checking for -Wold-style-definition option to compiler... -------------------- yes

"gcc -I/home/simon/.rvm/rubies/ruby-1.9.3-p194/include/ruby-1.9.1/x86_64-linux -I/home/simon/.rvm/rubies/ruby-1.9.3-p194/include/ruby-1.9.1/ruby/backward -I/home/simon/.rvm/rubies/ruby-1.9.3-p194/include/ruby-1.9.1 -I. -I/home/simon/.rvm/usr/include     -O3 -ggdb -Wextra -Wno-unused-parameter -Wno-parentheses -Wno-long-long -Wno-missing-field-initializers -Wpointer-arith -Wwrite-strings -Wdeclaration-after-statement -Wimplicit-function-declaration  -fPIC -Wall -Waggregate-return -Wcast-align -Wextra -Wformat=2 -Winit-self -Wlarger-than-65500 -Wmissing-declarations -Wmissing-format-attribute -Wmissing-include-dirs -Wmissing-noreturn -Wmissing-prototypes -Wnested-externs  -Wold-style-definition -c conftest.c"
checked program was:
/* begin */
1: #include "ruby.h"
/* end */

--------------------

try_compiler_option: checking for -Wpacked option to compiler... -------------------- yes

"gcc -I/home/simon/.rvm/rubies/ruby-1.9.3-p194/include/ruby-1.9.1/x86_64-linux -I/home/simon/.rvm/rubies/ruby-1.9.3-p194/include/ruby-1.9.1/ruby/backward -I/home/simon/.rvm/rubies/ruby-1.9.3-p194/include/ruby-1.9.1 -I. -I/home/simon/.rvm/usr/include     -O3 -ggdb -Wextra -Wno-unused-parameter -Wno-parentheses -Wno-long-long -Wno-missing-field-initializers -Wpointer-arith -Wwrite-strings -Wdeclaration-after-statement -Wimplicit-function-declaration  -fPIC -Wall -Waggregate-return -Wcast-align -Wextra -Wformat=2 -Winit-self -Wlarger-than-65500 -Wmissing-declarations -Wmissing-format-attribute -Wmissing-include-dirs -Wmissing-noreturn -Wmissing-prototypes -Wnested-externs -Wold-style-definition  -Wpacked -c conftest.c"
checked program was:
/* begin */
1: #include "ruby.h"
/* end */

--------------------

try_compiler_option: checking for -Wp,-D_FORTIFY_SOURCE=2 option to compiler... -------------------- yes

"gcc -I/home/simon/.rvm/rubies/ruby-1.9.3-p194/include/ruby-1.9.1/x86_64-linux -I/home/simon/.rvm/rubies/ruby-1.9.3-p194/include/ruby-1.9.1/ruby/backward -I/home/simon/.rvm/rubies/ruby-1.9.3-p194/include/ruby-1.9.1 -I. -I/home/simon/.rvm/usr/include     -O3 -ggdb -Wextra -Wno-unused-parameter -Wno-parentheses -Wno-long-long -Wno-missing-field-initializers -Wpointer-arith -Wwrite-strings -Wdeclaration-after-statement -Wimplicit-function-declaration  -fPIC -Wall -Waggregate-return -Wcast-align -Wextra -Wformat=2 -Winit-self -Wlarger-than-65500 -Wmissing-declarations -Wmissing-format-attribute -Wmissing-include-dirs -Wmissing-noreturn -Wmissing-prototypes -Wnested-externs -Wold-style-definition -Wpacked  -Wp,-D_FORTIFY_SOURCE=2 -c conftest.c"
checked program was:
/* begin */
1: #include "ruby.h"
/* end */

--------------------

try_compiler_option: checking for -Wpointer-arith option to compiler... -------------------- yes

"gcc -I/home/simon/.rvm/rubies/ruby-1.9.3-p194/include/ruby-1.9.1/x86_64-linux -I/home/simon/.rvm/rubies/ruby-1.9.3-p194/include/ruby-1.9.1/ruby/backward -I/home/simon/.rvm/rubies/ruby-1.9.3-p194/include/ruby-1.9.1 -I. -I/home/simon/.rvm/usr/include     -O3 -ggdb -Wextra -Wno-unused-parameter -Wno-parentheses -Wno-long-long -Wno-missing-field-initializers -Wpointer-arith -Wwrite-strings -Wdeclaration-after-statement -Wimplicit-function-declaration  -fPIC -Wall -Waggregate-return -Wcast-align -Wextra -Wformat=2 -Winit-self -Wlarger-than-65500 -Wmissing-declarations -Wmissing-format-attribute -Wmissing-include-dirs -Wmissing-noreturn -Wmissing-prototypes -Wnested-externs -Wold-style-definition -Wpacked -Wp,-D_FORTIFY_SOURCE=2  -Wpointer-arith -c conftest.c"
checked program was:
/* begin */
1: #include "ruby.h"
/* end */

--------------------

try_compiler_option: checking for -Wswitch-default option to compiler... -------------------- yes

"gcc -I/home/simon/.rvm/rubies/ruby-1.9.3-p194/include/ruby-1.9.1/x86_64-linux -I/home/simon/.rvm/rubies/ruby-1.9.3-p194/include/ruby-1.9.1/ruby/backward -I/home/simon/.rvm/rubies/ruby-1.9.3-p194/include/ruby-1.9.1 -I. -I/home/simon/.rvm/usr/include     -O3 -ggdb -Wextra -Wno-unused-parameter -Wno-parentheses -Wno-long-long -Wno-missing-field-initializers -Wpointer-arith -Wwrite-strings -Wdeclaration-after-statement -Wimplicit-function-declaration  -fPIC -Wall -Waggregate-return -Wcast-align -Wextra -Wformat=2 -Winit-self -Wlarger-than-65500 -Wmissing-declarations -Wmissing-format-attribute -Wmissing-include-dirs -Wmissing-noreturn -Wmissing-prototypes -Wnested-externs -Wold-style-definition -Wpacked -Wp,-D_FORTIFY_SOURCE=2 -Wpointer-arith  -Wswitch-default -c conftest.c"
checked program was:
/* begin */
1: #include "ruby.h"
/* end */

--------------------

try_compiler_option: checking for -Wswitch-enum option to compiler... -------------------- yes

"gcc -I/home/simon/.rvm/rubies/ruby-1.9.3-p194/include/ruby-1.9.1/x86_64-linux -I/home/simon/.rvm/rubies/ruby-1.9.3-p194/include/ruby-1.9.1/ruby/backward -I/home/simon/.rvm/rubies/ruby-1.9.3-p194/include/ruby-1.9.1 -I. -I/home/simon/.rvm/usr/include     -O3 -ggdb -Wextra -Wno-unused-parameter -Wno-parentheses -Wno-long-long -Wno-missing-field-initializers -Wpointer-arith -Wwrite-strings -Wdeclaration-after-statement -Wimplicit-function-declaration  -fPIC -Wall -Waggregate-return -Wcast-align -Wextra -Wformat=2 -Winit-self -Wlarger-than-65500 -Wmissing-declarations -Wmissing-format-attribute -Wmissing-include-dirs -Wmissing-noreturn -Wmissing-prototypes -Wnested-externs -Wold-style-definition -Wpacked -Wp,-D_FORTIFY_SOURCE=2 -Wpointer-arith -Wswitch-default  -Wswitch-enum -c conftest.c"
checked program was:
/* begin */
1: #include "ruby.h"
/* end */

--------------------

try_compiler_option: checking for -Wundef option to compiler... -------------------- yes

"gcc -I/home/simon/.rvm/rubies/ruby-1.9.3-p194/include/ruby-1.9.1/x86_64-linux -I/home/simon/.rvm/rubies/ruby-1.9.3-p194/include/ruby-1.9.1/ruby/backward -I/home/simon/.rvm/rubies/ruby-1.9.3-p194/include/ruby-1.9.1 -I. -I/home/simon/.rvm/usr/include     -O3 -ggdb -Wextra -Wno-unused-parameter -Wno-parentheses -Wno-long-long -Wno-missing-field-initializers -Wpointer-arith -Wwrite-strings -Wdeclaration-after-statement -Wimplicit-function-declaration  -fPIC -Wall -Waggregate-return -Wcast-align -Wextra -Wformat=2 -Winit-self -Wlarger-than-65500 -Wmissing-declarations -Wmissing-format-attribute -Wmissing-include-dirs -Wmissing-noreturn -Wmissing-prototypes -Wnested-externs -Wold-style-definition -Wpacked -Wp,-D_FORTIFY_SOURCE=2 -Wpointer-arith -Wswitch-default -Wswitch-enum  -Wundef -c conftest.c"
checked program was:
/* begin */
1: #include "ruby.h"
/* end */

--------------------

try_compiler_option: checking for -Wunsafe-loop-optimizations option to compiler... -------------------- yes

"gcc -I/home/simon/.rvm/rubies/ruby-1.9.3-p194/include/ruby-1.9.1/x86_64-linux -I/home/simon/.rvm/rubies/ruby-1.9.3-p194/include/ruby-1.9.1/ruby/backward -I/home/simon/.rvm/rubies/ruby-1.9.3-p194/include/ruby-1.9.1 -I. -I/home/simon/.rvm/usr/include     -O3 -ggdb -Wextra -Wno-unused-parameter -Wno-parentheses -Wno-long-long -Wno-missing-field-initializers -Wpointer-arith -Wwrite-strings -Wdeclaration-after-statement -Wimplicit-function-declaration  -fPIC -Wall -Waggregate-return -Wcast-align -Wextra -Wformat=2 -Winit-self -Wlarger-than-65500 -Wmissing-declarations -Wmissing-format-attribute -Wmissing-include-dirs -Wmissing-noreturn -Wmissing-prototypes -Wnested-externs -Wold-style-definition -Wpacked -Wp,-D_FORTIFY_SOURCE=2 -Wpointer-arith -Wswitch-default -Wswitch-enum -Wundef  -Wunsafe-loop-optimizations -c conftest.c"
checked program was:
/* begin */
1: #include "ruby.h"
/* end */

--------------------

try_compiler_option: checking for -Wwrite-strings option to compiler... -------------------- yes

"gcc -I/home/simon/.rvm/rubies/ruby-1.9.3-p194/include/ruby-1.9.1/x86_64-linux -I/home/simon/.rvm/rubies/ruby-1.9.3-p194/include/ruby-1.9.1/ruby/backward -I/home/simon/.rvm/rubies/ruby-1.9.3-p194/include/ruby-1.9.1 -I. -I/home/simon/.rvm/usr/include     -O3 -ggdb -Wextra -Wno-unused-parameter -Wno-parentheses -Wno-long-long -Wno-missing-field-initializers -Wpointer-arith -Wwrite-strings -Wdeclaration-after-statement -Wimplicit-function-declaration  -fPIC -Wall -Waggregate-return -Wcast-align -Wextra -Wformat=2 -Winit-self -Wlarger-than-65500 -Wmissing-declarations -Wmissing-format-attribute -Wmissing-include-dirs -Wmissing-noreturn -Wmissing-prototypes -Wnested-externs -Wold-style-definition -Wpacked -Wp,-D_FORTIFY_SOURCE=2 -Wpointer-arith -Wswitch-default -Wswitch-enum -Wundef -Wunsafe-loop-optimizations  -Wwrite-strings -c conftest.c"
checked program was:
/* begin */
1: #include "ruby.h"
/* end */

--------------------

have_func: checking for rb_define_alloc_func() in ruby.h... -------------------- yes

"gcc -o conftest -I/home/simon/.rvm/rubies/ruby-1.9.3-p194/include/ruby-1.9.1/x86_64-linux -I/home/simon/.rvm/rubies/ruby-1.9.3-p194/include/ruby-1.9.1/ruby/backward -I/home/simon/.rvm/rubies/ruby-1.9.3-p194/include/ruby-1.9.1 -I. -I/home/simon/.rvm/rubies/ruby-1.9.3-p194/lib/ruby/site_ruby/1.9.1/x86_64-linux  -I/home/simon/.rvm/rubies/ruby-1.9.3-p194/lib/ruby/vendor_ruby/1.9.1/x86_64-linux  -I/home/simon/.rvm/usr/include     -O3 -ggdb -Wextra -Wno-unused-parameter -Wno-parentheses -Wno-long-long -Wno-missing-field-initializers -Wpointer-arith -Wwrite-strings -Wdeclaration-after-statement -Wimplicit-function-declaration  -fPIC -Wall -Waggregate-return -Wcast-align -Wextra -Wformat=2 -Winit-self -Wlarger-than-65500 -Wmissing-declarations -Wmissing-format-attribute -Wmissing-include-dirs -Wmissing-noreturn -Wmissing-prototypes -Wnested-externs -Wold-style-definition -Wpacked -Wp,-D_FORTIFY_SOURCE=2 -Wpointer-arith -Wswitch-default -Wswitch-enum -Wundef -Wunsafe-loop-optimizations -Wwrite-strings conftest.c  -L. -L/home/simon/.rvm/rubies/ruby-1.9.3-p194/lib -Wl,-R/home/simon/.rvm/rubies/ruby-1.9.3-p194/lib -L/home/simon/.rvm/usr/lib -Wl,-R/home/simon/.rvm/usr/lib -L.  -rdynamic -Wl,-export-dynamic     -Wl,-R -Wl,/home/simon/.rvm/rubies/ruby-1.9.3-p194/lib -L/home/simon/.rvm/rubies/ruby-1.9.3-p194/lib -lruby  -lpthread -lrt -ldl -lcrypt -lm   -lc"
conftest.c: In function ‘main’:
conftest.c:6:5: warning: old-style function definition [-Wold-style-definition]
conftest.c: At top level:
conftest.c:7:5: warning: no previous prototype for ‘t’ [-Wmissing-prototypes]
conftest.c: In function ‘t’:
conftest.c:7:5: warning: old-style function definition [-Wold-style-definition]
conftest.c:7:28: warning: variable ‘p’ set but not used [-Wunused-but-set-variable]
checked program was:
/* begin */
1: #include "ruby.h"
2: 
3: #include <ruby.h>
4: 
5: /*top*/
6: int main() {return 0;}
7: int t() { void ((*volatile p)()); p = (void ((*)()))rb_define_alloc_func; return 0; }
/* end */

--------------------

have_func: checking for rb_block_proc() in ruby.h... -------------------- yes

"gcc -o conftest -I/home/simon/.rvm/rubies/ruby-1.9.3-p194/include/ruby-1.9.1/x86_64-linux -I/home/simon/.rvm/rubies/ruby-1.9.3-p194/include/ruby-1.9.1/ruby/backward -I/home/simon/.rvm/rubies/ruby-1.9.3-p194/include/ruby-1.9.1 -I. -I/home/simon/.rvm/rubies/ruby-1.9.3-p194/lib/ruby/site_ruby/1.9.1/x86_64-linux  -I/home/simon/.rvm/rubies/ruby-1.9.3-p194/lib/ruby/vendor_ruby/1.9.1/x86_64-linux  -I/home/simon/.rvm/usr/include     -O3 -ggdb -Wextra -Wno-unused-parameter -Wno-parentheses -Wno-long-long -Wno-missing-field-initializers -Wpointer-arith -Wwrite-strings -Wdeclaration-after-statement -Wimplicit-function-declaration  -fPIC -Wall -Waggregate-return -Wcast-align -Wextra -Wformat=2 -Winit-self -Wlarger-than-65500 -Wmissing-declarations -Wmissing-format-attribute -Wmissing-include-dirs -Wmissing-noreturn -Wmissing-prototypes -Wnested-externs -Wold-style-definition -Wpacked -Wp,-D_FORTIFY_SOURCE=2 -Wpointer-arith -Wswitch-default -Wswitch-enum -Wundef -Wunsafe-loop-optimizations -Wwrite-strings conftest.c  -L. -L/home/simon/.rvm/rubies/ruby-1.9.3-p194/lib -Wl,-R/home/simon/.rvm/rubies/ruby-1.9.3-p194/lib -L/home/simon/.rvm/usr/lib -Wl,-R/home/simon/.rvm/usr/lib -L.  -rdynamic -Wl,-export-dynamic     -Wl,-R -Wl,/home/simon/.rvm/rubies/ruby-1.9.3-p194/lib -L/home/simon/.rvm/rubies/ruby-1.9.3-p194/lib -lruby  -lpthread -lrt -ldl -lcrypt -lm   -lc"
conftest.c: In function ‘main’:
conftest.c:6:5: warning: old-style function definition [-Wold-style-definition]
conftest.c: At top level:
conftest.c:7:5: warning: no previous prototype for ‘t’ [-Wmissing-prototypes]
conftest.c: In function ‘t’:
conftest.c:7:5: warning: old-style function definition [-Wold-style-definition]
conftest.c:7:28: warning: variable ‘p’ set but not used [-Wunused-but-set-variable]
checked program was:
/* begin */
1: #include "ruby.h"
2: 
3: #include <ruby.h>
4: 
5: /*top*/
6: int main() {return 0;}
7: int t() { void ((*volatile p)()); p = (void ((*)()))rb_block_proc; return 0; }
/* end */

--------------------

"gcc -I/home/simon/.rvm/rubies/ruby-1.9.3-p194/include/ruby-1.9.1/x86_64-linux -I/home/simon/.rvm/rubies/ruby-1.9.3-p194/include/ruby-1.9.1/ruby/backward -I/home/simon/.rvm/rubies/ruby-1.9.3-p194/include/ruby-1.9.1 -I. -I/home/simon/.rvm/rubies/ruby-1.9.3-p194/lib/ruby/site_ruby/1.9.1/x86_64-linux  -I/home/simon/.rvm/rubies/ruby-1.9.3-p194/lib/ruby/vendor_ruby/1.9.1/x86_64-linux  -I/home/simon/.rvm/usr/include     -O3 -ggdb -Wextra -Wno-unused-parameter -Wno-parentheses -Wno-long-long -Wno-missing-field-initializers -Wpointer-arith -Wwrite-strings -Wdeclaration-after-statement -Wimplicit-function-declaration  -fPIC -Wall -Waggregate-return -Wcast-align -Wextra -Wformat=2 -Winit-self -Wlarger-than-65500 -Wmissing-declarations -Wmissing-format-attribute -Wmissing-include-dirs -Wmissing-noreturn -Wmissing-prototypes -Wnested-externs -Wold-style-definition -Wpacked -Wp,-D_FORTIFY_SOURCE=2 -Wpointer-arith -Wswitch-default -Wswitch-enum -Wundef -Wunsafe-loop-optimizations -Wwrite-strings   -c conftest.c"
conftest.c:4:18: fatal error: node.h: No such file or directory
compilation terminated.
checked program was:
/* begin */
1: #include "ruby.h"
2: 
3: #include "ruby.h"
4: #include "node.h"
5: int node_attrasgn = (int)NODE_ATTRASGN;
/* end */

setup_win32: checking for Win32 OS... -------------------- no

--------------------

have_package: checking for gobject-2.0... -------------------- yes

--------------------

have_package: checking for gthread-2.0... -------------------- yes

--------------------

have_header: checking for unistd.h... -------------------- yes

"gcc -E -I/home/simon/.rvm/rubies/ruby-1.9.3-p194/include/ruby-1.9.1/x86_64-linux -I/home/simon/.rvm/rubies/ruby-1.9.3-p194/include/ruby-1.9.1/ruby/backward -I/home/simon/.rvm/rubies/ruby-1.9.3-p194/include/ruby-1.9.1 -I. -I/home/simon/.rvm/rubies/ruby-1.9.3-p194/lib/ruby/site_ruby/1.9.1/x86_64-linux  -I/home/simon/.rvm/rubies/ruby-1.9.3-p194/lib/ruby/vendor_ruby/1.9.1/x86_64-linux  -I/home/simon/.rvm/usr/include     -O3 -ggdb -Wextra -Wno-unused-parameter -Wno-parentheses -Wno-long-long -Wno-missing-field-initializers -Wpointer-arith -Wwrite-strings -Wdeclaration-after-statement -Wimplicit-function-declaration  -fPIC -Wall -Waggregate-return -Wcast-align -Wextra -Wformat=2 -Winit-self -Wlarger-than-65500 -Wmissing-declarations -Wmissing-format-attribute -Wmissing-include-dirs -Wmissing-noreturn -Wmissing-prototypes -Wnested-externs -Wold-style-definition -Wpacked -Wp,-D_FORTIFY_SOURCE=2 -Wpointer-arith -Wswitch-default -Wswitch-enum -Wundef -Wunsafe-loop-optimizations -Wwrite-strings -I/usr/include/glib-2.0 -I/usr/lib/x86_64-linux-gnu/glib-2.0/include -pthread -I/usr/include/glib-2.0 -I/usr/lib/x86_64-linux-gnu/glib-2.0/include  conftest.c -o conftest.i"
checked program was:
/* begin */
1: #include "ruby.h"
2: 
3: #include <unistd.h>
/* end */

--------------------

have_header: checking for io.h... -------------------- no

"gcc -E -I/home/simon/.rvm/rubies/ruby-1.9.3-p194/include/ruby-1.9.1/x86_64-linux -I/home/simon/.rvm/rubies/ruby-1.9.3-p194/include/ruby-1.9.1/ruby/backward -I/home/simon/.rvm/rubies/ruby-1.9.3-p194/include/ruby-1.9.1 -I. -I/home/simon/.rvm/rubies/ruby-1.9.3-p194/lib/ruby/site_ruby/1.9.1/x86_64-linux  -I/home/simon/.rvm/rubies/ruby-1.9.3-p194/lib/ruby/vendor_ruby/1.9.1/x86_64-linux  -I/home/simon/.rvm/usr/include     -O3 -ggdb -Wextra -Wno-unused-parameter -Wno-parentheses -Wno-long-long -Wno-missing-field-initializers -Wpointer-arith -Wwrite-strings -Wdeclaration-after-statement -Wimplicit-function-declaration  -fPIC -Wall -Waggregate-return -Wcast-align -Wextra -Wformat=2 -Winit-self -Wlarger-than-65500 -Wmissing-declarations -Wmissing-format-attribute -Wmissing-include-dirs -Wmissing-noreturn -Wmissing-prototypes -Wnested-externs -Wold-style-definition -Wpacked -Wp,-D_FORTIFY_SOURCE=2 -Wpointer-arith -Wswitch-default -Wswitch-enum -Wundef -Wunsafe-loop-optimizations -Wwrite-strings -I/usr/include/glib-2.0 -I/usr/lib/x86_64-linux-gnu/glib-2.0/include -pthread -I/usr/include/glib-2.0 -I/usr/lib/x86_64-linux-gnu/glib-2.0/include  conftest.c -o conftest.i"
conftest.c:3:16: fatal error: io.h: No such file or directory
compilation terminated.
checked program was:
/* begin */
1: #include "ruby.h"
2: 
3: #include <io.h>
/* end */

--------------------

have_func: checking for g_spawn_close_pid() in glib.h... -------------------- yes

"gcc -o conftest -I/home/simon/.rvm/rubies/ruby-1.9.3-p194/include/ruby-1.9.1/x86_64-linux -I/home/simon/.rvm/rubies/ruby-1.9.3-p194/include/ruby-1.9.1/ruby/backward -I/home/simon/.rvm/rubies/ruby-1.9.3-p194/include/ruby-1.9.1 -I. -I/home/simon/.rvm/rubies/ruby-1.9.3-p194/lib/ruby/site_ruby/1.9.1/x86_64-linux  -I/home/simon/.rvm/rubies/ruby-1.9.3-p194/lib/ruby/vendor_ruby/1.9.1/x86_64-linux  -I/home/simon/.rvm/usr/include     -O3 -ggdb -Wextra -Wno-unused-parameter -Wno-parentheses -Wno-long-long -Wno-missing-field-initializers -Wpointer-arith -Wwrite-strings -Wdeclaration-after-statement -Wimplicit-function-declaration  -fPIC -Wall -Waggregate-return -Wcast-align -Wextra -Wformat=2 -Winit-self -Wlarger-than-65500 -Wmissing-declarations -Wmissing-format-attribute -Wmissing-include-dirs -Wmissing-noreturn -Wmissing-prototypes -Wnested-externs -Wold-style-definition -Wpacked -Wp,-D_FORTIFY_SOURCE=2 -Wpointer-arith -Wswitch-default -Wswitch-enum -Wundef -Wunsafe-loop-optimizations -Wwrite-strings -I/usr/include/glib-2.0 -I/usr/lib/x86_64-linux-gnu/glib-2.0/include -pthread -I/usr/include/glib-2.0 -I/usr/lib/x86_64-linux-gnu/glib-2.0/include conftest.c  -L. -L/home/simon/.rvm/rubies/ruby-1.9.3-p194/lib -Wl,-R/home/simon/.rvm/rubies/ruby-1.9.3-p194/lib -L/home/simon/.rvm/usr/lib -Wl,-R/home/simon/.rvm/usr/lib -L.  -rdynamic -Wl,-export-dynamic -L/usr/lib/x86_64-linux-gnu -L/usr/lib/x86_64-linux-gnu -pthread     -lgobject-2.0 -lglib-2.0 -lgthread-2.0 -lrt -lglib-2.0 -Wl,-R -Wl,/home/simon/.rvm/rubies/ruby-1.9.3-p194/lib -L/home/simon/.rvm/rubies/ruby-1.9.3-p194/lib -lruby  -lgobject-2.0 -lglib-2.0 -lgthread-2.0 -lrt -lglib-2.0 -lpthread -lrt -ldl -lcrypt -lm   -lc"
conftest.c: In function ‘main’:
conftest.c:6:5: warning: old-style function definition [-Wold-style-definition]
conftest.c: At top level:
conftest.c:7:5: warning: no previous prototype for ‘t’ [-Wmissing-prototypes]
conftest.c: In function ‘t’:
conftest.c:7:5: warning: old-style function definition [-Wold-style-definition]
conftest.c:7:28: warning: variable ‘p’ set but not used [-Wunused-but-set-variable]
checked program was:
/* begin */
1: #include "ruby.h"
2: 
3: #include <glib.h>
4: 
5: /*top*/
6: int main() {return 0;}
7: int t() { void ((*volatile p)()); p = (void ((*)()))g_spawn_close_pid; return 0; }
/* end */

--------------------

have_func: checking for g_thread_init() in glib.h... -------------------- yes

"gcc -o conftest -I/home/simon/.rvm/rubies/ruby-1.9.3-p194/include/ruby-1.9.1/x86_64-linux -I/home/simon/.rvm/rubies/ruby-1.9.3-p194/include/ruby-1.9.1/ruby/backward -I/home/simon/.rvm/rubies/ruby-1.9.3-p194/include/ruby-1.9.1 -I. -I/home/simon/.rvm/rubies/ruby-1.9.3-p194/lib/ruby/site_ruby/1.9.1/x86_64-linux  -I/home/simon/.rvm/rubies/ruby-1.9.3-p194/lib/ruby/vendor_ruby/1.9.1/x86_64-linux  -I/home/simon/.rvm/usr/include     -O3 -ggdb -Wextra -Wno-unused-parameter -Wno-parentheses -Wno-long-long -Wno-missing-field-initializers -Wpointer-arith -Wwrite-strings -Wdeclaration-after-statement -Wimplicit-function-declaration  -fPIC -Wall -Waggregate-return -Wcast-align -Wextra -Wformat=2 -Winit-self -Wlarger-than-65500 -Wmissing-declarations -Wmissing-format-attribute -Wmissing-include-dirs -Wmissing-noreturn -Wmissing-prototypes -Wnested-externs -Wold-style-definition -Wpacked -Wp,-D_FORTIFY_SOURCE=2 -Wpointer-arith -Wswitch-default -Wswitch-enum -Wundef -Wunsafe-loop-optimizations -Wwrite-strings -I/usr/include/glib-2.0 -I/usr/lib/x86_64-linux-gnu/glib-2.0/include -pthread -I/usr/include/glib-2.0 -I/usr/lib/x86_64-linux-gnu/glib-2.0/include conftest.c  -L. -L/home/simon/.rvm/rubies/ruby-1.9.3-p194/lib -Wl,-R/home/simon/.rvm/rubies/ruby-1.9.3-p194/lib -L/home/simon/.rvm/usr/lib -Wl,-R/home/simon/.rvm/usr/lib -L.  -rdynamic -Wl,-export-dynamic -L/usr/lib/x86_64-linux-gnu -L/usr/lib/x86_64-linux-gnu -pthread     -lgobject-2.0 -lglib-2.0 -lgthread-2.0 -lrt -lglib-2.0 -Wl,-R -Wl,/home/simon/.rvm/rubies/ruby-1.9.3-p194/lib -L/home/simon/.rvm/rubies/ruby-1.9.3-p194/lib -lruby  -lgobject-2.0 -lglib-2.0 -lgthread-2.0 -lrt -lglib-2.0 -lpthread -lrt -ldl -lcrypt -lm   -lc"
conftest.c: In function ‘main’:
conftest.c:6:5: warning: old-style function definition [-Wold-style-definition]
conftest.c: At top level:
conftest.c:7:5: warning: no previous prototype for ‘t’ [-Wmissing-prototypes]
conftest.c: In function ‘t’:
conftest.c:7:5: warning: old-style function definition [-Wold-style-definition]
conftest.c:7:28: warning: variable ‘p’ set but not used [-Wunused-but-set-variable]
checked program was:
/* begin */
1: #include "ruby.h"
2: 
3: #include <glib.h>
4: 
5: /*top*/
6: int main() {return 0;}
7: int t() { void ((*volatile p)()); p = (void ((*)()))g_thread_init; return 0; }
/* end */

--------------------

have_func: checking for g_main_depth() in glib.h... -------------------- yes

"gcc -o conftest -I/home/simon/.rvm/rubies/ruby-1.9.3-p194/include/ruby-1.9.1/x86_64-linux -I/home/simon/.rvm/rubies/ruby-1.9.3-p194/include/ruby-1.9.1/ruby/backward -I/home/simon/.rvm/rubies/ruby-1.9.3-p194/include/ruby-1.9.1 -I. -I/home/simon/.rvm/rubies/ruby-1.9.3-p194/lib/ruby/site_ruby/1.9.1/x86_64-linux  -I/home/simon/.rvm/rubies/ruby-1.9.3-p194/lib/ruby/vendor_ruby/1.9.1/x86_64-linux  -I/home/simon/.rvm/usr/include     -O3 -ggdb -Wextra -Wno-unused-parameter -Wno-parentheses -Wno-long-long -Wno-missing-field-initializers -Wpointer-arith -Wwrite-strings -Wdeclaration-after-statement -Wimplicit-function-declaration  -fPIC -Wall -Waggregate-return -Wcast-align -Wextra -Wformat=2 -Winit-self -Wlarger-than-65500 -Wmissing-declarations -Wmissing-format-attribute -Wmissing-include-dirs -Wmissing-noreturn -Wmissing-prototypes -Wnested-externs -Wold-style-definition -Wpacked -Wp,-D_FORTIFY_SOURCE=2 -Wpointer-arith -Wswitch-default -Wswitch-enum -Wundef -Wunsafe-loop-optimizations -Wwrite-strings -I/usr/include/glib-2.0 -I/usr/lib/x86_64-linux-gnu/glib-2.0/include -pthread -I/usr/include/glib-2.0 -I/usr/lib/x86_64-linux-gnu/glib-2.0/include conftest.c  -L. -L/home/simon/.rvm/rubies/ruby-1.9.3-p194/lib -Wl,-R/home/simon/.rvm/rubies/ruby-1.9.3-p194/lib -L/home/simon/.rvm/usr/lib -Wl,-R/home/simon/.rvm/usr/lib -L.  -rdynamic -Wl,-export-dynamic -L/usr/lib/x86_64-linux-gnu -L/usr/lib/x86_64-linux-gnu -pthread     -lgobject-2.0 -lglib-2.0 -lgthread-2.0 -lrt -lglib-2.0 -Wl,-R -Wl,/home/simon/.rvm/rubies/ruby-1.9.3-p194/lib -L/home/simon/.rvm/rubies/ruby-1.9.3-p194/lib -lruby  -lgobject-2.0 -lglib-2.0 -lgthread-2.0 -lrt -lglib-2.0 -lpthread -lrt -ldl -lcrypt -lm   -lc"
conftest.c: In function ‘main’:
conftest.c:6:5: warning: old-style function definition [-Wold-style-definition]
conftest.c: At top level:
conftest.c:7:5: warning: no previous prototype for ‘t’ [-Wmissing-prototypes]
conftest.c: In function ‘t’:
conftest.c:7:5: warning: old-style function definition [-Wold-style-definition]
conftest.c:7:28: warning: variable ‘p’ set but not used [-Wunused-but-set-variable]
checked program was:
/* begin */
1: #include "ruby.h"
2: 
3: #include <glib.h>
4: 
5: /*top*/
6: int main() {return 0;}
7: int t() { void ((*volatile p)()); p = (void ((*)()))g_main_depth; return 0; }
/* end */

--------------------

have_func: checking for g_listenv() in glib.h... -------------------- yes

"gcc -o conftest -I/home/simon/.rvm/rubies/ruby-1.9.3-p194/include/ruby-1.9.1/x86_64-linux -I/home/simon/.rvm/rubies/ruby-1.9.3-p194/include/ruby-1.9.1/ruby/backward -I/home/simon/.rvm/rubies/ruby-1.9.3-p194/include/ruby-1.9.1 -I. -I/home/simon/.rvm/rubies/ruby-1.9.3-p194/lib/ruby/site_ruby/1.9.1/x86_64-linux  -I/home/simon/.rvm/rubies/ruby-1.9.3-p194/lib/ruby/vendor_ruby/1.9.1/x86_64-linux  -I/home/simon/.rvm/usr/include     -O3 -ggdb -Wextra -Wno-unused-parameter -Wno-parentheses -Wno-long-long -Wno-missing-field-initializers -Wpointer-arith -Wwrite-strings -Wdeclaration-after-statement -Wimplicit-function-declaration  -fPIC -Wall -Waggregate-return -Wcast-align -Wextra -Wformat=2 -Winit-self -Wlarger-than-65500 -Wmissing-declarations -Wmissing-format-attribute -Wmissing-include-dirs -Wmissing-noreturn -Wmissing-prototypes -Wnested-externs -Wold-style-definition -Wpacked -Wp,-D_FORTIFY_SOURCE=2 -Wpointer-arith -Wswitch-default -Wswitch-enum -Wundef -Wunsafe-loop-optimizations -Wwrite-strings -I/usr/include/glib-2.0 -I/usr/lib/x86_64-linux-gnu/glib-2.0/include -pthread -I/usr/include/glib-2.0 -I/usr/lib/x86_64-linux-gnu/glib-2.0/include conftest.c  -L. -L/home/simon/.rvm/rubies/ruby-1.9.3-p194/lib -Wl,-R/home/simon/.rvm/rubies/ruby-1.9.3-p194/lib -L/home/simon/.rvm/usr/lib -Wl,-R/home/simon/.rvm/usr/lib -L.  -rdynamic -Wl,-export-dynamic -L/usr/lib/x86_64-linux-gnu -L/usr/lib/x86_64-linux-gnu -pthread     -lgobject-2.0 -lglib-2.0 -lgthread-2.0 -lrt -lglib-2.0 -Wl,-R -Wl,/home/simon/.rvm/rubies/ruby-1.9.3-p194/lib -L/home/simon/.rvm/rubies/ruby-1.9.3-p194/lib -lruby  -lgobject-2.0 -lglib-2.0 -lgthread-2.0 -lrt -lglib-2.0 -lpthread -lrt -ldl -lcrypt -lm   -lc"
conftest.c: In function ‘main’:
conftest.c:6:5: warning: old-style function definition [-Wold-style-definition]
conftest.c: At top level:
conftest.c:7:5: warning: no previous prototype for ‘t’ [-Wmissing-prototypes]
conftest.c: In function ‘t’:
conftest.c:7:5: warning: old-style function definition [-Wold-style-definition]
conftest.c:7:28: warning: variable ‘p’ set but not used [-Wunused-but-set-variable]
checked program was:
/* begin */
1: #include "ruby.h"
2: 
3: #include <glib.h>
4: 
5: /*top*/
6: int main() {return 0;}
7: int t() { void ((*volatile p)()); p = (void ((*)()))g_listenv; return 0; }
/* end */

--------------------

have_func: checking for rb_check_array_type() in ruby.h... -------------------- yes

"gcc -o conftest -I/home/simon/.rvm/rubies/ruby-1.9.3-p194/include/ruby-1.9.1/x86_64-linux -I/home/simon/.rvm/rubies/ruby-1.9.3-p194/include/ruby-1.9.1/ruby/backward -I/home/simon/.rvm/rubies/ruby-1.9.3-p194/include/ruby-1.9.1 -I. -I/home/simon/.rvm/rubies/ruby-1.9.3-p194/lib/ruby/site_ruby/1.9.1/x86_64-linux  -I/home/simon/.rvm/rubies/ruby-1.9.3-p194/lib/ruby/vendor_ruby/1.9.1/x86_64-linux  -I/home/simon/.rvm/usr/include     -O3 -ggdb -Wextra -Wno-unused-parameter -Wno-parentheses -Wno-long-long -Wno-missing-field-initializers -Wpointer-arith -Wwrite-strings -Wdeclaration-after-statement -Wimplicit-function-declaration  -fPIC -Wall -Waggregate-return -Wcast-align -Wextra -Wformat=2 -Winit-self -Wlarger-than-65500 -Wmissing-declarations -Wmissing-format-attribute -Wmissing-include-dirs -Wmissing-noreturn -Wmissing-prototypes -Wnested-externs -Wold-style-definition -Wpacked -Wp,-D_FORTIFY_SOURCE=2 -Wpointer-arith -Wswitch-default -Wswitch-enum -Wundef -Wunsafe-loop-optimizations -Wwrite-strings -I/usr/include/glib-2.0 -I/usr/lib/x86_64-linux-gnu/glib-2.0/include -pthread -I/usr/include/glib-2.0 -I/usr/lib/x86_64-linux-gnu/glib-2.0/include conftest.c  -L. -L/home/simon/.rvm/rubies/ruby-1.9.3-p194/lib -Wl,-R/home/simon/.rvm/rubies/ruby-1.9.3-p194/lib -L/home/simon/.rvm/usr/lib -Wl,-R/home/simon/.rvm/usr/lib -L.  -rdynamic -Wl,-export-dynamic -L/usr/lib/x86_64-linux-gnu -L/usr/lib/x86_64-linux-gnu -pthread     -lgobject-2.0 -lglib-2.0 -lgthread-2.0 -lrt -lglib-2.0 -Wl,-R -Wl,/home/simon/.rvm/rubies/ruby-1.9.3-p194/lib -L/home/simon/.rvm/rubies/ruby-1.9.3-p194/lib -lruby  -lgobject-2.0 -lglib-2.0 -lgthread-2.0 -lrt -lglib-2.0 -lpthread -lrt -ldl -lcrypt -lm   -lc"
conftest.c: In function ‘main’:
conftest.c:6:5: warning: old-style function definition [-Wold-style-definition]
conftest.c: At top level:
conftest.c:7:5: warning: no previous prototype for ‘t’ [-Wmissing-prototypes]
conftest.c: In function ‘t’:
conftest.c:7:5: warning: old-style function definition [-Wold-style-definition]
conftest.c:7:28: warning: variable ‘p’ set but not used [-Wunused-but-set-variable]
checked program was:
/* begin */
1: #include "ruby.h"
2: 
3: #include <ruby.h>
4: 
5: /*top*/
6: int main() {return 0;}
7: int t() { void ((*volatile p)()); p = (void ((*)()))rb_check_array_type; return 0; }
/* end */

--------------------

have_func: checking for rb_exec_recursive() in ruby.h... -------------------- yes

"gcc -o conftest -I/home/simon/.rvm/rubies/ruby-1.9.3-p194/include/ruby-1.9.1/x86_64-linux -I/home/simon/.rvm/rubies/ruby-1.9.3-p194/include/ruby-1.9.1/ruby/backward -I/home/simon/.rvm/rubies/ruby-1.9.3-p194/include/ruby-1.9.1 -I. -I/home/simon/.rvm/rubies/ruby-1.9.3-p194/lib/ruby/site_ruby/1.9.1/x86_64-linux  -I/home/simon/.rvm/rubies/ruby-1.9.3-p194/lib/ruby/vendor_ruby/1.9.1/x86_64-linux  -I/home/simon/.rvm/usr/include     -O3 -ggdb -Wextra -Wno-unused-parameter -Wno-parentheses -Wno-long-long -Wno-missing-field-initializers -Wpointer-arith -Wwrite-strings -Wdeclaration-after-statement -Wimplicit-function-declaration  -fPIC -Wall -Waggregate-return -Wcast-align -Wextra -Wformat=2 -Winit-self -Wlarger-than-65500 -Wmissing-declarations -Wmissing-format-attribute -Wmissing-include-dirs -Wmissing-noreturn -Wmissing-prototypes -Wnested-externs -Wold-style-definition -Wpacked -Wp,-D_FORTIFY_SOURCE=2 -Wpointer-arith -Wswitch-default -Wswitch-enum -Wundef -Wunsafe-loop-optimizations -Wwrite-strings -I/usr/include/glib-2.0 -I/usr/lib/x86_64-linux-gnu/glib-2.0/include -pthread -I/usr/include/glib-2.0 -I/usr/lib/x86_64-linux-gnu/glib-2.0/include conftest.c  -L. -L/home/simon/.rvm/rubies/ruby-1.9.3-p194/lib -Wl,-R/home/simon/.rvm/rubies/ruby-1.9.3-p194/lib -L/home/simon/.rvm/usr/lib -Wl,-R/home/simon/.rvm/usr/lib -L.  -rdynamic -Wl,-export-dynamic -L/usr/lib/x86_64-linux-gnu -L/usr/lib/x86_64-linux-gnu -pthread     -lgobject-2.0 -lglib-2.0 -lgthread-2.0 -lrt -lglib-2.0 -Wl,-R -Wl,/home/simon/.rvm/rubies/ruby-1.9.3-p194/lib -L/home/simon/.rvm/rubies/ruby-1.9.3-p194/lib -lruby  -lgobject-2.0 -lglib-2.0 -lgthread-2.0 -lrt -lglib-2.0 -lpthread -lrt -ldl -lcrypt -lm   -lc"
conftest.c: In function ‘main’:
conftest.c:6:5: warning: old-style function definition [-Wold-style-definition]
conftest.c: At top level:
conftest.c:7:5: warning: no previous prototype for ‘t’ [-Wmissing-prototypes]
conftest.c: In function ‘t’:
conftest.c:7:5: warning: old-style function definition [-Wold-style-definition]
conftest.c:7:28: warning: variable ‘p’ set but not used [-Wunused-but-set-variable]
checked program was:
/* begin */
1: #include "ruby.h"
2: 
3: #include <ruby.h>
4: 
5: /*top*/
6: int main() {return 0;}
7: int t() { void ((*volatile p)()); p = (void ((*)()))rb_exec_recursive; return 0; }
/* end */

--------------------

have_func: checking for rb_errinfo() in ruby.h... -------------------- yes

"gcc -o conftest -I/home/simon/.rvm/rubies/ruby-1.9.3-p194/include/ruby-1.9.1/x86_64-linux -I/home/simon/.rvm/rubies/ruby-1.9.3-p194/include/ruby-1.9.1/ruby/backward -I/home/simon/.rvm/rubies/ruby-1.9.3-p194/include/ruby-1.9.1 -I. -I/home/simon/.rvm/rubies/ruby-1.9.3-p194/lib/ruby/site_ruby/1.9.1/x86_64-linux  -I/home/simon/.rvm/rubies/ruby-1.9.3-p194/lib/ruby/vendor_ruby/1.9.1/x86_64-linux  -I/home/simon/.rvm/usr/include     -O3 -ggdb -Wextra -Wno-unused-parameter -Wno-parentheses -Wno-long-long -Wno-missing-field-initializers -Wpointer-arith -Wwrite-strings -Wdeclaration-after-statement -Wimplicit-function-declaration  -fPIC -Wall -Waggregate-return -Wcast-align -Wextra -Wformat=2 -Winit-self -Wlarger-than-65500 -Wmissing-declarations -Wmissing-format-attribute -Wmissing-include-dirs -Wmissing-noreturn -Wmissing-prototypes -Wnested-externs -Wold-style-definition -Wpacked -Wp,-D_FORTIFY_SOURCE=2 -Wpointer-arith -Wswitch-default -Wswitch-enum -Wundef -Wunsafe-loop-optimizations -Wwrite-strings -I/usr/include/glib-2.0 -I/usr/lib/x86_64-linux-gnu/glib-2.0/include -pthread -I/usr/include/glib-2.0 -I/usr/lib/x86_64-linux-gnu/glib-2.0/include conftest.c  -L. -L/home/simon/.rvm/rubies/ruby-1.9.3-p194/lib -Wl,-R/home/simon/.rvm/rubies/ruby-1.9.3-p194/lib -L/home/simon/.rvm/usr/lib -Wl,-R/home/simon/.rvm/usr/lib -L.  -rdynamic -Wl,-export-dynamic -L/usr/lib/x86_64-linux-gnu -L/usr/lib/x86_64-linux-gnu -pthread     -lgobject-2.0 -lglib-2.0 -lgthread-2.0 -lrt -lglib-2.0 -Wl,-R -Wl,/home/simon/.rvm/rubies/ruby-1.9.3-p194/lib -L/home/simon/.rvm/rubies/ruby-1.9.3-p194/lib -lruby  -lgobject-2.0 -lglib-2.0 -lgthread-2.0 -lrt -lglib-2.0 -lpthread -lrt -ldl -lcrypt -lm   -lc"
conftest.c: In function ‘main’:
conftest.c:6:5: warning: old-style function definition [-Wold-style-definition]
conftest.c: At top level:
conftest.c:7:5: warning: no previous prototype for ‘t’ [-Wmissing-prototypes]
conftest.c: In function ‘t’:
conftest.c:7:5: warning: old-style function definition [-Wold-style-definition]
conftest.c:7:28: warning: variable ‘p’ set but not used [-Wunused-but-set-variable]
checked program was:
/* begin */
1: #include "ruby.h"
2: 
3: #include <ruby.h>
4: 
5: /*top*/
6: int main() {return 0;}
7: int t() { void ((*volatile p)()); p = (void ((*)()))rb_errinfo; return 0; }
/* end */

--------------------

have_func: checking for rb_sourcefile() in ruby.h... -------------------- yes

"gcc -o conftest -I/home/simon/.rvm/rubies/ruby-1.9.3-p194/include/ruby-1.9.1/x86_64-linux -I/home/simon/.rvm/rubies/ruby-1.9.3-p194/include/ruby-1.9.1/ruby/backward -I/home/simon/.rvm/rubies/ruby-1.9.3-p194/include/ruby-1.9.1 -I. -I/home/simon/.rvm/rubies/ruby-1.9.3-p194/lib/ruby/site_ruby/1.9.1/x86_64-linux  -I/home/simon/.rvm/rubies/ruby-1.9.3-p194/lib/ruby/vendor_ruby/1.9.1/x86_64-linux  -I/home/simon/.rvm/usr/include     -O3 -ggdb -Wextra -Wno-unused-parameter -Wno-parentheses -Wno-long-long -Wno-missing-field-initializers -Wpointer-arith -Wwrite-strings -Wdeclaration-after-statement -Wimplicit-function-declaration  -fPIC -Wall -Waggregate-return -Wcast-align -Wextra -Wformat=2 -Winit-self -Wlarger-than-65500 -Wmissing-declarations -Wmissing-format-attribute -Wmissing-include-dirs -Wmissing-noreturn -Wmissing-prototypes -Wnested-externs -Wold-style-definition -Wpacked -Wp,-D_FORTIFY_SOURCE=2 -Wpointer-arith -Wswitch-default -Wswitch-enum -Wundef -Wunsafe-loop-optimizations -Wwrite-strings -I/usr/include/glib-2.0 -I/usr/lib/x86_64-linux-gnu/glib-2.0/include -pthread -I/usr/include/glib-2.0 -I/usr/lib/x86_64-linux-gnu/glib-2.0/include conftest.c  -L. -L/home/simon/.rvm/rubies/ruby-1.9.3-p194/lib -Wl,-R/home/simon/.rvm/rubies/ruby-1.9.3-p194/lib -L/home/simon/.rvm/usr/lib -Wl,-R/home/simon/.rvm/usr/lib -L.  -rdynamic -Wl,-export-dynamic -L/usr/lib/x86_64-linux-gnu -L/usr/lib/x86_64-linux-gnu -pthread     -lgobject-2.0 -lglib-2.0 -lgthread-2.0 -lrt -lglib-2.0 -Wl,-R -Wl,/home/simon/.rvm/rubies/ruby-1.9.3-p194/lib -L/home/simon/.rvm/rubies/ruby-1.9.3-p194/lib -lruby  -lgobject-2.0 -lglib-2.0 -lgthread-2.0 -lrt -lglib-2.0 -lpthread -lrt -ldl -lcrypt -lm   -lc"
conftest.c: In function ‘main’:
conftest.c:6:5: warning: old-style function definition [-Wold-style-definition]
conftest.c: At top level:
conftest.c:7:5: warning: no previous prototype for ‘t’ [-Wmissing-prototypes]
conftest.c: In function ‘t’:
conftest.c:7:5: warning: old-style function definition [-Wold-style-definition]
conftest.c:7:28: warning: variable ‘p’ set but not used [-Wunused-but-set-variable]
checked program was:
/* begin */
1: #include "ruby.h"
2: 
3: #include <ruby.h>
4: 
5: /*top*/
6: int main() {return 0;}
7: int t() { void ((*volatile p)()); p = (void ((*)()))rb_sourcefile; return 0; }
/* end */

--------------------

have_func: checking for rb_sourceline() in ruby.h... -------------------- yes

"gcc -o conftest -I/home/simon/.rvm/rubies/ruby-1.9.3-p194/include/ruby-1.9.1/x86_64-linux -I/home/simon/.rvm/rubies/ruby-1.9.3-p194/include/ruby-1.9.1/ruby/backward -I/home/simon/.rvm/rubies/ruby-1.9.3-p194/include/ruby-1.9.1 -I. -I/home/simon/.rvm/rubies/ruby-1.9.3-p194/lib/ruby/site_ruby/1.9.1/x86_64-linux  -I/home/simon/.rvm/rubies/ruby-1.9.3-p194/lib/ruby/vendor_ruby/1.9.1/x86_64-linux  -I/home/simon/.rvm/usr/include     -O3 -ggdb -Wextra -Wno-unused-parameter -Wno-parentheses -Wno-long-long -Wno-missing-field-initializers -Wpointer-arith -Wwrite-strings -Wdeclaration-after-statement -Wimplicit-function-declaration  -fPIC -Wall -Waggregate-return -Wcast-align -Wextra -Wformat=2 -Winit-self -Wlarger-than-65500 -Wmissing-declarations -Wmissing-format-attribute -Wmissing-include-dirs -Wmissing-noreturn -Wmissing-prototypes -Wnested-externs -Wold-style-definition -Wpacked -Wp,-D_FORTIFY_SOURCE=2 -Wpointer-arith -Wswitch-default -Wswitch-enum -Wundef -Wunsafe-loop-optimizations -Wwrite-strings -I/usr/include/glib-2.0 -I/usr/lib/x86_64-linux-gnu/glib-2.0/include -pthread -I/usr/include/glib-2.0 -I/usr/lib/x86_64-linux-gnu/glib-2.0/include conftest.c  -L. -L/home/simon/.rvm/rubies/ruby-1.9.3-p194/lib -Wl,-R/home/simon/.rvm/rubies/ruby-1.9.3-p194/lib -L/home/simon/.rvm/usr/lib -Wl,-R/home/simon/.rvm/usr/lib -L.  -rdynamic -Wl,-export-dynamic -L/usr/lib/x86_64-linux-gnu -L/usr/lib/x86_64-linux-gnu -pthread     -lgobject-2.0 -lglib-2.0 -lgthread-2.0 -lrt -lglib-2.0 -Wl,-R -Wl,/home/simon/.rvm/rubies/ruby-1.9.3-p194/lib -L/home/simon/.rvm/rubies/ruby-1.9.3-p194/lib -lruby  -lgobject-2.0 -lglib-2.0 -lgthread-2.0 -lrt -lglib-2.0 -lpthread -lrt -ldl -lcrypt -lm   -lc"
conftest.c: In function ‘main’:
conftest.c:6:5: warning: old-style function definition [-Wold-style-definition]
conftest.c: At top level:
conftest.c:7:5: warning: no previous prototype for ‘t’ [-Wmissing-prototypes]
conftest.c: In function ‘t’:
conftest.c:7:5: warning: old-style function definition [-Wold-style-definition]
conftest.c:7:28: warning: variable ‘p’ set but not used [-Wunused-but-set-variable]
checked program was:
/* begin */
1: #include "ruby.h"
2: 
3: #include <ruby.h>
4: 
5: /*top*/
6: int main() {return 0;}
7: int t() { void ((*volatile p)()); p = (void ((*)()))rb_sourceline; return 0; }
/* end */

--------------------

have_func: checking for ruby_set_current_source() in ruby.h... -------------------- no

"gcc -o conftest -I/home/simon/.rvm/rubies/ruby-1.9.3-p194/include/ruby-1.9.1/x86_64-linux -I/home/simon/.rvm/rubies/ruby-1.9.3-p194/include/ruby-1.9.1/ruby/backward -I/home/simon/.rvm/rubies/ruby-1.9.3-p194/include/ruby-1.9.1 -I. -I/home/simon/.rvm/rubies/ruby-1.9.3-p194/lib/ruby/site_ruby/1.9.1/x86_64-linux  -I/home/simon/.rvm/rubies/ruby-1.9.3-p194/lib/ruby/vendor_ruby/1.9.1/x86_64-linux  -I/home/simon/.rvm/usr/include     -O3 -ggdb -Wextra -Wno-unused-parameter -Wno-parentheses -Wno-long-long -Wno-missing-field-initializers -Wpointer-arith -Wwrite-strings -Wdeclaration-after-statement -Wimplicit-function-declaration  -fPIC -Wall -Waggregate-return -Wcast-align -Wextra -Wformat=2 -Winit-self -Wlarger-than-65500 -Wmissing-declarations -Wmissing-format-attribute -Wmissing-include-dirs -Wmissing-noreturn -Wmissing-prototypes -Wnested-externs -Wold-style-definition -Wpacked -Wp,-D_FORTIFY_SOURCE=2 -Wpointer-arith -Wswitch-default -Wswitch-enum -Wundef -Wunsafe-loop-optimizations -Wwrite-strings -I/usr/include/glib-2.0 -I/usr/lib/x86_64-linux-gnu/glib-2.0/include -pthread -I/usr/include/glib-2.0 -I/usr/lib/x86_64-linux-gnu/glib-2.0/include conftest.c  -L. -L/home/simon/.rvm/rubies/ruby-1.9.3-p194/lib -Wl,-R/home/simon/.rvm/rubies/ruby-1.9.3-p194/lib -L/home/simon/.rvm/usr/lib -Wl,-R/home/simon/.rvm/usr/lib -L.  -rdynamic -Wl,-export-dynamic -L/usr/lib/x86_64-linux-gnu -L/usr/lib/x86_64-linux-gnu -pthread     -lgobject-2.0 -lglib-2.0 -lgthread-2.0 -lrt -lglib-2.0 -Wl,-R -Wl,/home/simon/.rvm/rubies/ruby-1.9.3-p194/lib -L/home/simon/.rvm/rubies/ruby-1.9.3-p194/lib -lruby  -lgobject-2.0 -lglib-2.0 -lgthread-2.0 -lrt -lglib-2.0 -lpthread -lrt -ldl -lcrypt -lm   -lc"
conftest.c: In function ‘main’:
conftest.c:6:5: warning: old-style function definition [-Wold-style-definition]
conftest.c: At top level:
conftest.c:7:5: warning: no previous prototype for ‘t’ [-Wmissing-prototypes]
conftest.c: In function ‘t’:
conftest.c:7:5: warning: old-style function definition [-Wold-style-definition]
conftest.c:7:53: error: ‘ruby_set_current_source’ undeclared (first use in this function)
conftest.c:7:53: note: each undeclared identifier is reported only once for each function it appears in
conftest.c:7:28: warning: variable ‘p’ set but not used [-Wunused-but-set-variable]
checked program was:
/* begin */
1: #include "ruby.h"
2: 
3: #include <ruby.h>
4: 
5: /*top*/
6: int main() {return 0;}
7: int t() { void ((*volatile p)()); p = (void ((*)()))ruby_set_current_source; return 0; }
/* end */

"gcc -o conftest -I/home/simon/.rvm/rubies/ruby-1.9.3-p194/include/ruby-1.9.1/x86_64-linux -I/home/simon/.rvm/rubies/ruby-1.9.3-p194/include/ruby-1.9.1/ruby/backward -I/home/simon/.rvm/rubies/ruby-1.9.3-p194/include/ruby-1.9.1 -I. -I/home/simon/.rvm/rubies/ruby-1.9.3-p194/lib/ruby/site_ruby/1.9.1/x86_64-linux  -I/home/simon/.rvm/rubies/ruby-1.9.3-p194/lib/ruby/vendor_ruby/1.9.1/x86_64-linux  -I/home/simon/.rvm/usr/include     -O3 -ggdb -Wextra -Wno-unused-parameter -Wno-parentheses -Wno-long-long -Wno-missing-field-initializers -Wpointer-arith -Wwrite-strings -Wdeclaration-after-statement -Wimplicit-function-declaration  -fPIC -Wall -Waggregate-return -Wcast-align -Wextra -Wformat=2 -Winit-self -Wlarger-than-65500 -Wmissing-declarations -Wmissing-format-attribute -Wmissing-include-dirs -Wmissing-noreturn -Wmissing-prototypes -Wnested-externs -Wold-style-definition -Wpacked -Wp,-D_FORTIFY_SOURCE=2 -Wpointer-arith -Wswitch-default -Wswitch-enum -Wundef -Wunsafe-loop-optimizations -Wwrite-strings -I/usr/include/glib-2.0 -I/usr/lib/x86_64-linux-gnu/glib-2.0/include -pthread -I/usr/include/glib-2.0 -I/usr/lib/x86_64-linux-gnu/glib-2.0/include conftest.c  -L. -L/home/simon/.rvm/rubies/ruby-1.9.3-p194/lib -Wl,-R/home/simon/.rvm/rubies/ruby-1.9.3-p194/lib -L/home/simon/.rvm/usr/lib -Wl,-R/home/simon/.rvm/usr/lib -L.  -rdynamic -Wl,-export-dynamic -L/usr/lib/x86_64-linux-gnu -L/usr/lib/x86_64-linux-gnu -pthread     -lgobject-2.0 -lglib-2.0 -lgthread-2.0 -lrt -lglib-2.0 -Wl,-R -Wl,/home/simon/.rvm/rubies/ruby-1.9.3-p194/lib -L/home/simon/.rvm/rubies/ruby-1.9.3-p194/lib -lruby  -lgobject-2.0 -lglib-2.0 -lgthread-2.0 -lrt -lglib-2.0 -lpthread -lrt -ldl -lcrypt -lm   -lc"
conftest.c: In function ‘main’:
conftest.c:6:5: warning: old-style function definition [-Wold-style-definition]
conftest.c: At top level:
conftest.c:7:5: warning: no previous prototype for ‘t’ [-Wmissing-prototypes]
conftest.c: In function ‘t’:
conftest.c:7:5: warning: old-style function definition [-Wold-style-definition]
conftest.c:7:1: warning: implicit declaration of function ‘ruby_set_current_source’ [-Wimplicit-function-declaration]
conftest.c:7:1: warning: nested extern declaration of ‘ruby_set_current_source’ [-Wnested-externs]
/tmp/ccV9uI3g.o: In function `t':
/home/simon/.rvm/gems/ruby-1.9.3-p194/gems/glib2-1.2.1/ext/glib2/conftest.c:7: undefined reference to `ruby_set_current_source'
collect2: ld returned 1 exit status
checked program was:
/* begin */
1: #include "ruby.h"
2: 
3: #include <ruby.h>
4: 
5: /*top*/
6: int main() {return 0;}
7: int t() { ruby_set_current_source(); return 0; }
/* end */

--------------------

have_func: checking for rb_thread_blocking_region() in ruby.h... -------------------- yes

"gcc -o conftest -I/home/simon/.rvm/rubies/ruby-1.9.3-p194/include/ruby-1.9.1/x86_64-linux -I/home/simon/.rvm/rubies/ruby-1.9.3-p194/include/ruby-1.9.1/ruby/backward -I/home/simon/.rvm/rubies/ruby-1.9.3-p194/include/ruby-1.9.1 -I. -I/home/simon/.rvm/rubies/ruby-1.9.3-p194/lib/ruby/site_ruby/1.9.1/x86_64-linux  -I/home/simon/.rvm/rubies/ruby-1.9.3-p194/lib/ruby/vendor_ruby/1.9.1/x86_64-linux  -I/home/simon/.rvm/usr/include     -O3 -ggdb -Wextra -Wno-unused-parameter -Wno-parentheses -Wno-long-long -Wno-missing-field-initializers -Wpointer-arith -Wwrite-strings -Wdeclaration-after-statement -Wimplicit-function-declaration  -fPIC -Wall -Waggregate-return -Wcast-align -Wextra -Wformat=2 -Winit-self -Wlarger-than-65500 -Wmissing-declarations -Wmissing-format-attribute -Wmissing-include-dirs -Wmissing-noreturn -Wmissing-prototypes -Wnested-externs -Wold-style-definition -Wpacked -Wp,-D_FORTIFY_SOURCE=2 -Wpointer-arith -Wswitch-default -Wswitch-enum -Wundef -Wunsafe-loop-optimizations -Wwrite-strings -I/usr/include/glib-2.0 -I/usr/lib/x86_64-linux-gnu/glib-2.0/include -pthread -I/usr/include/glib-2.0 -I/usr/lib/x86_64-linux-gnu/glib-2.0/include conftest.c  -L. -L/home/simon/.rvm/rubies/ruby-1.9.3-p194/lib -Wl,-R/home/simon/.rvm/rubies/ruby-1.9.3-p194/lib -L/home/simon/.rvm/usr/lib -Wl,-R/home/simon/.rvm/usr/lib -L.  -rdynamic -Wl,-export-dynamic -L/usr/lib/x86_64-linux-gnu -L/usr/lib/x86_64-linux-gnu -pthread     -lgobject-2.0 -lglib-2.0 -lgthread-2.0 -lrt -lglib-2.0 -Wl,-R -Wl,/home/simon/.rvm/rubies/ruby-1.9.3-p194/lib -L/home/simon/.rvm/rubies/ruby-1.9.3-p194/lib -lruby  -lgobject-2.0 -lglib-2.0 -lgthread-2.0 -lrt -lglib-2.0 -lpthread -lrt -ldl -lcrypt -lm   -lc"
conftest.c: In function ‘main’:
conftest.c:6:5: warning: old-style function definition [-Wold-style-definition]
conftest.c: At top level:
conftest.c:7:5: warning: no previous prototype for ‘t’ [-Wmissing-prototypes]
conftest.c: In function ‘t’:
conftest.c:7:5: warning: old-style function definition [-Wold-style-definition]
conftest.c:7:28: warning: variable ‘p’ set but not used [-Wunused-but-set-variable]
checked program was:
/* begin */
1: #include "ruby.h"
2: 
3: #include <ruby.h>
4: 
5: /*top*/
6: int main() {return 0;}
7: int t() { void ((*volatile p)()); p = (void ((*)()))rb_thread_blocking_region; return 0; }
/* end */

--------------------

have_func: checking for ruby_native_thread_p() in ruby.h... -------------------- yes

"gcc -o conftest -I/home/simon/.rvm/rubies/ruby-1.9.3-p194/include/ruby-1.9.1/x86_64-linux -I/home/simon/.rvm/rubies/ruby-1.9.3-p194/include/ruby-1.9.1/ruby/backward -I/home/simon/.rvm/rubies/ruby-1.9.3-p194/include/ruby-1.9.1 -I. -I/home/simon/.rvm/rubies/ruby-1.9.3-p194/lib/ruby/site_ruby/1.9.1/x86_64-linux  -I/home/simon/.rvm/rubies/ruby-1.9.3-p194/lib/ruby/vendor_ruby/1.9.1/x86_64-linux  -I/home/simon/.rvm/usr/include     -O3 -ggdb -Wextra -Wno-unused-parameter -Wno-parentheses -Wno-long-long -Wno-missing-field-initializers -Wpointer-arith -Wwrite-strings -Wdeclaration-after-statement -Wimplicit-function-declaration  -fPIC -Wall -Waggregate-return -Wcast-align -Wextra -Wformat=2 -Winit-self -Wlarger-than-65500 -Wmissing-declarations -Wmissing-format-attribute -Wmissing-include-dirs -Wmissing-noreturn -Wmissing-prototypes -Wnested-externs -Wold-style-definition -Wpacked -Wp,-D_FORTIFY_SOURCE=2 -Wpointer-arith -Wswitch-default -Wswitch-enum -Wundef -Wunsafe-loop-optimizations -Wwrite-strings -I/usr/include/glib-2.0 -I/usr/lib/x86_64-linux-gnu/glib-2.0/include -pthread -I/usr/include/glib-2.0 -I/usr/lib/x86_64-linux-gnu/glib-2.0/include conftest.c  -L. -L/home/simon/.rvm/rubies/ruby-1.9.3-p194/lib -Wl,-R/home/simon/.rvm/rubies/ruby-1.9.3-p194/lib -L/home/simon/.rvm/usr/lib -Wl,-R/home/simon/.rvm/usr/lib -L.  -rdynamic -Wl,-export-dynamic -L/usr/lib/x86_64-linux-gnu -L/usr/lib/x86_64-linux-gnu -pthread     -lgobject-2.0 -lglib-2.0 -lgthread-2.0 -lrt -lglib-2.0 -Wl,-R -Wl,/home/simon/.rvm/rubies/ruby-1.9.3-p194/lib -L/home/simon/.rvm/rubies/ruby-1.9.3-p194/lib -lruby  -lgobject-2.0 -lglib-2.0 -lgthread-2.0 -lrt -lglib-2.0 -lpthread -lrt -ldl -lcrypt -lm   -lc"
conftest.c: In function ‘main’:
conftest.c:6:5: warning: old-style function definition [-Wold-style-definition]
conftest.c: At top level:
conftest.c:7:5: warning: no previous prototype for ‘t’ [-Wmissing-prototypes]
conftest.c: In function ‘t’:
conftest.c:7:5: warning: old-style function definition [-Wold-style-definition]
conftest.c:7:28: warning: variable ‘p’ set but not used [-Wunused-but-set-variable]
checked program was:
/* begin */
1: #include "ruby.h"
2: 
3: #include <ruby.h>
4: 
5: /*top*/
6: int main() {return 0;}
7: int t() { void ((*volatile p)()); p = (void ((*)()))ruby_native_thread_p; return 0; }
/* end */

--------------------

have_func: checking for rb_thread_call_with_gvl() in ruby.h... -------------------- yes

"gcc -o conftest -I/home/simon/.rvm/rubies/ruby-1.9.3-p194/include/ruby-1.9.1/x86_64-linux -I/home/simon/.rvm/rubies/ruby-1.9.3-p194/include/ruby-1.9.1/ruby/backward -I/home/simon/.rvm/rubies/ruby-1.9.3-p194/include/ruby-1.9.1 -I. -I/home/simon/.rvm/rubies/ruby-1.9.3-p194/lib/ruby/site_ruby/1.9.1/x86_64-linux  -I/home/simon/.rvm/rubies/ruby-1.9.3-p194/lib/ruby/vendor_ruby/1.9.1/x86_64-linux  -I/home/simon/.rvm/usr/include     -O3 -ggdb -Wextra -Wno-unused-parameter -Wno-parentheses -Wno-long-long -Wno-missing-field-initializers -Wpointer-arith -Wwrite-strings -Wdeclaration-after-statement -Wimplicit-function-declaration  -fPIC -Wall -Waggregate-return -Wcast-align -Wextra -Wformat=2 -Winit-self -Wlarger-than-65500 -Wmissing-declarations -Wmissing-format-attribute -Wmissing-include-dirs -Wmissing-noreturn -Wmissing-prototypes -Wnested-externs -Wold-style-definition -Wpacked -Wp,-D_FORTIFY_SOURCE=2 -Wpointer-arith -Wswitch-default -Wswitch-enum -Wundef -Wunsafe-loop-optimizations -Wwrite-strings -I/usr/include/glib-2.0 -I/usr/lib/x86_64-linux-gnu/glib-2.0/include -pthread -I/usr/include/glib-2.0 -I/usr/lib/x86_64-linux-gnu/glib-2.0/include conftest.c  -L. -L/home/simon/.rvm/rubies/ruby-1.9.3-p194/lib -Wl,-R/home/simon/.rvm/rubies/ruby-1.9.3-p194/lib -L/home/simon/.rvm/usr/lib -Wl,-R/home/simon/.rvm/usr/lib -L.  -rdynamic -Wl,-export-dynamic -L/usr/lib/x86_64-linux-gnu -L/usr/lib/x86_64-linux-gnu -pthread     -lgobject-2.0 -lglib-2.0 -lgthread-2.0 -lrt -lglib-2.0 -Wl,-R -Wl,/home/simon/.rvm/rubies/ruby-1.9.3-p194/lib -L/home/simon/.rvm/rubies/ruby-1.9.3-p194/lib -lruby  -lgobject-2.0 -lglib-2.0 -lgthread-2.0 -lrt -lglib-2.0 -lpthread -lrt -ldl -lcrypt -lm   -lc"
conftest.c: In function ‘main’:
conftest.c:6:5: warning: old-style function definition [-Wold-style-definition]
conftest.c: At top level:
conftest.c:7:5: warning: no previous prototype for ‘t’ [-Wmissing-prototypes]
conftest.c: In function ‘t’:
conftest.c:7:5: warning: old-style function definition [-Wold-style-definition]
conftest.c:7:53: error: ‘rb_thread_call_with_gvl’ undeclared (first use in this function)
conftest.c:7:53: note: each undeclared identifier is reported only once for each function it appears in
conftest.c:7:28: warning: variable ‘p’ set but not used [-Wunused-but-set-variable]
checked program was:
/* begin */
1: #include "ruby.h"
2: 
3: #include <ruby.h>
4: 
5: /*top*/
6: int main() {return 0;}
7: int t() { void ((*volatile p)()); p = (void ((*)()))rb_thread_call_with_gvl; return 0; }
/* end */

"gcc -o conftest -I/home/simon/.rvm/rubies/ruby-1.9.3-p194/include/ruby-1.9.1/x86_64-linux -I/home/simon/.rvm/rubies/ruby-1.9.3-p194/include/ruby-1.9.1/ruby/backward -I/home/simon/.rvm/rubies/ruby-1.9.3-p194/include/ruby-1.9.1 -I. -I/home/simon/.rvm/rubies/ruby-1.9.3-p194/lib/ruby/site_ruby/1.9.1/x86_64-linux  -I/home/simon/.rvm/rubies/ruby-1.9.3-p194/lib/ruby/vendor_ruby/1.9.1/x86_64-linux  -I/home/simon/.rvm/usr/include     -O3 -ggdb -Wextra -Wno-unused-parameter -Wno-parentheses -Wno-long-long -Wno-missing-field-initializers -Wpointer-arith -Wwrite-strings -Wdeclaration-after-statement -Wimplicit-function-declaration  -fPIC -Wall -Waggregate-return -Wcast-align -Wextra -Wformat=2 -Winit-self -Wlarger-than-65500 -Wmissing-declarations -Wmissing-format-attribute -Wmissing-include-dirs -Wmissing-noreturn -Wmissing-prototypes -Wnested-externs -Wold-style-definition -Wpacked -Wp,-D_FORTIFY_SOURCE=2 -Wpointer-arith -Wswitch-default -Wswitch-enum -Wundef -Wunsafe-loop-optimizations -Wwrite-strings -I/usr/include/glib-2.0 -I/usr/lib/x86_64-linux-gnu/glib-2.0/include -pthread -I/usr/include/glib-2.0 -I/usr/lib/x86_64-linux-gnu/glib-2.0/include conftest.c  -L. -L/home/simon/.rvm/rubies/ruby-1.9.3-p194/lib -Wl,-R/home/simon/.rvm/rubies/ruby-1.9.3-p194/lib -L/home/simon/.rvm/usr/lib -Wl,-R/home/simon/.rvm/usr/lib -L.  -rdynamic -Wl,-export-dynamic -L/usr/lib/x86_64-linux-gnu -L/usr/lib/x86_64-linux-gnu -pthread     -lgobject-2.0 -lglib-2.0 -lgthread-2.0 -lrt -lglib-2.0 -Wl,-R -Wl,/home/simon/.rvm/rubies/ruby-1.9.3-p194/lib -L/home/simon/.rvm/rubies/ruby-1.9.3-p194/lib -lruby  -lgobject-2.0 -lglib-2.0 -lgthread-2.0 -lrt -lglib-2.0 -lpthread -lrt -ldl -lcrypt -lm   -lc"
conftest.c: In function ‘main’:
conftest.c:6:5: warning: old-style function definition [-Wold-style-definition]
conftest.c: At top level:
conftest.c:7:5: warning: no previous prototype for ‘t’ [-Wmissing-prototypes]
conftest.c: In function ‘t’:
conftest.c:7:5: warning: old-style function definition [-Wold-style-definition]
conftest.c:7:1: warning: implicit declaration of function ‘rb_thread_call_with_gvl’ [-Wimplicit-function-declaration]
conftest.c:7:1: warning: nested extern declaration of ‘rb_thread_call_with_gvl’ [-Wnested-externs]
checked program was:
/* begin */
1: #include "ruby.h"
2: 
3: #include <ruby.h>
4: 
5: /*top*/
6: int main() {return 0;}
7: int t() { rb_thread_call_with_gvl(); return 0; }
/* end */

--------------------

have_func: checking for rb_str_new_cstr() in ruby.h... -------------------- yes

"gcc -o conftest -I/home/simon/.rvm/rubies/ruby-1.9.3-p194/include/ruby-1.9.1/x86_64-linux -I/home/simon/.rvm/rubies/ruby-1.9.3-p194/include/ruby-1.9.1/ruby/backward -I/home/simon/.rvm/rubies/ruby-1.9.3-p194/include/ruby-1.9.1 -I. -I/home/simon/.rvm/rubies/ruby-1.9.3-p194/lib/ruby/site_ruby/1.9.1/x86_64-linux  -I/home/simon/.rvm/rubies/ruby-1.9.3-p194/lib/ruby/vendor_ruby/1.9.1/x86_64-linux  -I/home/simon/.rvm/usr/include     -O3 -ggdb -Wextra -Wno-unused-parameter -Wno-parentheses -Wno-long-long -Wno-missing-field-initializers -Wpointer-arith -Wwrite-strings -Wdeclaration-after-statement -Wimplicit-function-declaration  -fPIC -Wall -Waggregate-return -Wcast-align -Wextra -Wformat=2 -Winit-self -Wlarger-than-65500 -Wmissing-declarations -Wmissing-format-attribute -Wmissing-include-dirs -Wmissing-noreturn -Wmissing-prototypes -Wnested-externs -Wold-style-definition -Wpacked -Wp,-D_FORTIFY_SOURCE=2 -Wpointer-arith -Wswitch-default -Wswitch-enum -Wundef -Wunsafe-loop-optimizations -Wwrite-strings -I/usr/include/glib-2.0 -I/usr/lib/x86_64-linux-gnu/glib-2.0/include -pthread -I/usr/include/glib-2.0 -I/usr/lib/x86_64-linux-gnu/glib-2.0/include conftest.c  -L. -L/home/simon/.rvm/rubies/ruby-1.9.3-p194/lib -Wl,-R/home/simon/.rvm/rubies/ruby-1.9.3-p194/lib -L/home/simon/.rvm/usr/lib -Wl,-R/home/simon/.rvm/usr/lib -L.  -rdynamic -Wl,-export-dynamic -L/usr/lib/x86_64-linux-gnu -L/usr/lib/x86_64-linux-gnu -pthread     -lgobject-2.0 -lglib-2.0 -lgthread-2.0 -lrt -lglib-2.0 -Wl,-R -Wl,/home/simon/.rvm/rubies/ruby-1.9.3-p194/lib -L/home/simon/.rvm/rubies/ruby-1.9.3-p194/lib -lruby  -lgobject-2.0 -lglib-2.0 -lgthread-2.0 -lrt -lglib-2.0 -lpthread -lrt -ldl -lcrypt -lm   -lc"
conftest.c: In function ‘main’:
conftest.c:6:5: warning: old-style function definition [-Wold-style-definition]
conftest.c: At top level:
conftest.c:7:5: warning: no previous prototype for ‘t’ [-Wmissing-prototypes]
conftest.c: In function ‘t’:
conftest.c:7:5: warning: old-style function definition [-Wold-style-definition]
conftest.c:7:28: warning: variable ‘p’ set but not used [-Wunused-but-set-variable]
checked program was:
/* begin */
1: #include "ruby.h"
2: 
3: #include <ruby.h>
4: 
5: /*top*/
6: int main() {return 0;}
7: int t() { void ((*volatile p)()); p = (void ((*)()))rb_str_new_cstr; return 0; }
/* end */

--------------------

have_func: checking for rb_gc_register_mark_object() in ruby.h... -------------------- yes

"gcc -o conftest -I/home/simon/.rvm/rubies/ruby-1.9.3-p194/include/ruby-1.9.1/x86_64-linux -I/home/simon/.rvm/rubies/ruby-1.9.3-p194/include/ruby-1.9.1/ruby/backward -I/home/simon/.rvm/rubies/ruby-1.9.3-p194/include/ruby-1.9.1 -I. -I/home/simon/.rvm/rubies/ruby-1.9.3-p194/lib/ruby/site_ruby/1.9.1/x86_64-linux  -I/home/simon/.rvm/rubies/ruby-1.9.3-p194/lib/ruby/vendor_ruby/1.9.1/x86_64-linux  -I/home/simon/.rvm/usr/include     -O3 -ggdb -Wextra -Wno-unused-parameter -Wno-parentheses -Wno-long-long -Wno-missing-field-initializers -Wpointer-arith -Wwrite-strings -Wdeclaration-after-statement -Wimplicit-function-declaration  -fPIC -Wall -Waggregate-return -Wcast-align -Wextra -Wformat=2 -Winit-self -Wlarger-than-65500 -Wmissing-declarations -Wmissing-format-attribute -Wmissing-include-dirs -Wmissing-noreturn -Wmissing-prototypes -Wnested-externs -Wold-style-definition -Wpacked -Wp,-D_FORTIFY_SOURCE=2 -Wpointer-arith -Wswitch-default -Wswitch-enum -Wundef -Wunsafe-loop-optimizations -Wwrite-strings -I/usr/include/glib-2.0 -I/usr/lib/x86_64-linux-gnu/glib-2.0/include -pthread -I/usr/include/glib-2.0 -I/usr/lib/x86_64-linux-gnu/glib-2.0/include conftest.c  -L. -L/home/simon/.rvm/rubies/ruby-1.9.3-p194/lib -Wl,-R/home/simon/.rvm/rubies/ruby-1.9.3-p194/lib -L/home/simon/.rvm/usr/lib -Wl,-R/home/simon/.rvm/usr/lib -L.  -rdynamic -Wl,-export-dynamic -L/usr/lib/x86_64-linux-gnu -L/usr/lib/x86_64-linux-gnu -pthread     -lgobject-2.0 -lglib-2.0 -lgthread-2.0 -lrt -lglib-2.0 -Wl,-R -Wl,/home/simon/.rvm/rubies/ruby-1.9.3-p194/lib -L/home/simon/.rvm/rubies/ruby-1.9.3-p194/lib -lruby  -lgobject-2.0 -lglib-2.0 -lgthread-2.0 -lrt -lglib-2.0 -lpthread -lrt -ldl -lcrypt -lm   -lc"
conftest.c: In function ‘main’:
conftest.c:6:5: warning: old-style function definition [-Wold-style-definition]
conftest.c: At top level:
conftest.c:7:5: warning: no previous prototype for ‘t’ [-Wmissing-prototypes]
conftest.c: In function ‘t’:
conftest.c:7:5: warning: old-style function definition [-Wold-style-definition]
conftest.c:7:28: warning: variable ‘p’ set but not used [-Wunused-but-set-variable]
checked program was:
/* begin */
1: #include "ruby.h"
2: 
3: #include <ruby.h>
4: 
5: /*top*/
6: int main() {return 0;}
7: int t() { void ((*volatile p)()); p = (void ((*)()))rb_gc_register_mark_object; return 0; }
/* end */

--------------------

have_var: checking for curr_thread in ruby.h,node.h... -------------------- no

"gcc -I/home/simon/.rvm/rubies/ruby-1.9.3-p194/include/ruby-1.9.1/x86_64-linux -I/home/simon/.rvm/rubies/ruby-1.9.3-p194/include/ruby-1.9.1/ruby/backward -I/home/simon/.rvm/rubies/ruby-1.9.3-p194/include/ruby-1.9.1 -I. -I/home/simon/.rvm/rubies/ruby-1.9.3-p194/lib/ruby/site_ruby/1.9.1/x86_64-linux  -I/home/simon/.rvm/rubies/ruby-1.9.3-p194/lib/ruby/vendor_ruby/1.9.1/x86_64-linux  -I/home/simon/.rvm/usr/include     -O3 -ggdb -Wextra -Wno-unused-parameter -Wno-parentheses -Wno-long-long -Wno-missing-field-initializers -Wpointer-arith -Wwrite-strings -Wdeclaration-after-statement -Wimplicit-function-declaration  -fPIC -Wall -Waggregate-return -Wcast-align -Wextra -Wformat=2 -Winit-self -Wlarger-than-65500 -Wmissing-declarations -Wmissing-format-attribute -Wmissing-include-dirs -Wmissing-noreturn -Wmissing-prototypes -Wnested-externs -Wold-style-definition -Wpacked -Wp,-D_FORTIFY_SOURCE=2 -Wpointer-arith -Wswitch-default -Wswitch-enum -Wundef -Wunsafe-loop-optimizations -Wwrite-strings -I/usr/include/glib-2.0 -I/usr/lib/x86_64-linux-gnu/glib-2.0/include -pthread -I/usr/include/glib-2.0 -I/usr/lib/x86_64-linux-gnu/glib-2.0/include   -c conftest.c"
conftest.c:4:18: fatal error: node.h: No such file or directory
compilation terminated.
checked program was:
/* begin */
1: #include "ruby.h"
2: 
3: #include <ruby.h>
4: #include <node.h>
5: 
6: /*top*/
7: int main() {return 0;}
8: int t() { const volatile void *volatile p; p = &(&curr_thread)[0]; return 0; }
/* end */

--------------------

have_var: checking for rb_curr_thread in ruby.h,node.h... -------------------- no

"gcc -I/home/simon/.rvm/rubies/ruby-1.9.3-p194/include/ruby-1.9.1/x86_64-linux -I/home/simon/.rvm/rubies/ruby-1.9.3-p194/include/ruby-1.9.1/ruby/backward -I/home/simon/.rvm/rubies/ruby-1.9.3-p194/include/ruby-1.9.1 -I. -I/home/simon/.rvm/rubies/ruby-1.9.3-p194/lib/ruby/site_ruby/1.9.1/x86_64-linux  -I/home/simon/.rvm/rubies/ruby-1.9.3-p194/lib/ruby/vendor_ruby/1.9.1/x86_64-linux  -I/home/simon/.rvm/usr/include     -O3 -ggdb -Wextra -Wno-unused-parameter -Wno-parentheses -Wno-long-long -Wno-missing-field-initializers -Wpointer-arith -Wwrite-strings -Wdeclaration-after-statement -Wimplicit-function-declaration  -fPIC -Wall -Waggregate-return -Wcast-align -Wextra -Wformat=2 -Winit-self -Wlarger-than-65500 -Wmissing-declarations -Wmissing-format-attribute -Wmissing-include-dirs -Wmissing-noreturn -Wmissing-prototypes -Wnested-externs -Wold-style-definition -Wpacked -Wp,-D_FORTIFY_SOURCE=2 -Wpointer-arith -Wswitch-default -Wswitch-enum -Wundef -Wunsafe-loop-optimizations -Wwrite-strings -I/usr/include/glib-2.0 -I/usr/lib/x86_64-linux-gnu/glib-2.0/include -pthread -I/usr/include/glib-2.0 -I/usr/lib/x86_64-linux-gnu/glib-2.0/include   -c conftest.c"
conftest.c:4:18: fatal error: node.h: No such file or directory
compilation terminated.
checked program was:
/* begin */
1: #include "ruby.h"
2: 
3: #include <ruby.h>
4: #include <node.h>
5: 
6: /*top*/
7: int main() {return 0;}
8: int t() { const volatile void *volatile p; p = &(&rb_curr_thread)[0]; return 0; }
/* end */

--------------------

