try_compiler_option: checking for -Wall option to compiler... -------------------- yes

"gcc -o conftest -I/home/simon/.rvm/rubies/ruby-1.9.3-p194/include/ruby-1.9.1/x86_64-linux -I/home/simon/.rvm/rubies/ruby-1.9.3-p194/include/ruby-1.9.1/ruby/backward -I/home/simon/.rvm/rubies/ruby-1.9.3-p194/include/ruby-1.9.1 -I. -I/home/simon/.rvm/usr/include     -O3 -ggdb -Wextra -Wno-unused-parameter -Wno-parentheses -Wno-long-long -Wno-missing-field-initializers -Wpointer-arith -Wwrite-strings -Wdeclaration-after-statement -Wimplicit-function-declaration  -fPIC conftest.c  -L. -L/home/simon/.rvm/rubies/ruby-1.9.3-p194/lib -Wl,-R/home/simon/.rvm/rubies/ruby-1.9.3-p194/lib -L/home/simon/.rvm/usr/lib -Wl,-R/home/simon/.rvm/usr/lib -L.  -rdynamic -Wl,-export-dynamic     -Wl,-R -Wl,/home/simon/.rvm/rubies/ruby-1.9.3-p194/lib -L/home/simon/.rvm/rubies/ruby-1.9.3-p194/lib -lruby  -lpthread -lrt -ldl -lcrypt -lm   -lc"
checked program was:
/* begin */
1: #include "ruby.h"
2: 
3: int main() {return 0;}
/* end */

"gcc -I/home/simon/.rvm/rubies/ruby-1.9.3-p194/include/ruby-1.9.1/x86_64-linux -I/home/simon/.rvm/rubies/ruby-1.9.3-p194/include/ruby-1.9.1/ruby/backward -I/home/simon/.rvm/rubies/ruby-1.9.3-p194/include/ruby-1.9.1 -I. -I/home/simon/.rvm/usr/include     -O3 -ggdb -Wextra -Wno-unused-parameter -Wno-parentheses -Wno-long-long -Wno-missing-field-initializers -Wpointer-arith -Wwrite-strings -Wdeclaration-after-statement -Wimplicit-function-declaration  -fPIC  -Wall -c conftest.c"
checked program was:
/* begin */
1: #include "ruby.h"
/* end */

--------------------

try_compiler_option: checking for -Waggregate-return option to compiler... -------------------- yes

"gcc -I/home/simon/.rvm/rubies/ruby-1.9.3-p194/include/ruby-1.9.1/x86_64-linux -I/home/simon/.rvm/rubies/ruby-1.9.3-p194/include/ruby-1.9.1/ruby/backward -I/home/simon/.rvm/rubies/ruby-1.9.3-p194/include/ruby-1.9.1 -I. -I/home/simon/.rvm/usr/include     -O3 -ggdb -Wextra -Wno-unused-parameter -Wno-parentheses -Wno-long-long -Wno-missing-field-initializers -Wpointer-arith -Wwrite-strings -Wdeclaration-after-statement -Wimplicit-function-declaration  -fPIC -Wall  -Waggregate-return -c conftest.c"
checked program was:
/* begin */
1: #include "ruby.h"
/* end */

--------------------

try_compiler_option: checking for -Wcast-align option to compiler... -------------------- yes

"gcc -I/home/simon/.rvm/rubies/ruby-1.9.3-p194/include/ruby-1.9.1/x86_64-linux -I/home/simon/.rvm/rubies/ruby-1.9.3-p194/include/ruby-1.9.1/ruby/backward -I/home/simon/.rvm/rubies/ruby-1.9.3-p194/include/ruby-1.9.1 -I. -I/home/simon/.rvm/usr/include     -O3 -ggdb -Wextra -Wno-unused-parameter -Wno-parentheses -Wno-long-long -Wno-missing-field-initializers -Wpointer-arith -Wwrite-strings -Wdeclaration-after-statement -Wimplicit-function-declaration  -fPIC -Wall -Waggregate-return  -Wcast-align -c conftest.c"
checked program was:
/* begin */
1: #include "ruby.h"
/* end */

--------------------

try_compiler_option: checking for -Wextra option to compiler... -------------------- yes

"gcc -I/home/simon/.rvm/rubies/ruby-1.9.3-p194/include/ruby-1.9.1/x86_64-linux -I/home/simon/.rvm/rubies/ruby-1.9.3-p194/include/ruby-1.9.1/ruby/backward -I/home/simon/.rvm/rubies/ruby-1.9.3-p194/include/ruby-1.9.1 -I. -I/home/simon/.rvm/usr/include     -O3 -ggdb -Wextra -Wno-unused-parameter -Wno-parentheses -Wno-long-long -Wno-missing-field-initializers -Wpointer-arith -Wwrite-strings -Wdeclaration-after-statement -Wimplicit-function-declaration  -fPIC -Wall -Waggregate-return -Wcast-align  -Wextra -c conftest.c"
checked program was:
/* begin */
1: #include "ruby.h"
/* end */

--------------------

try_compiler_option: checking for -Wformat=2 option to compiler... -------------------- yes

"gcc -I/home/simon/.rvm/rubies/ruby-1.9.3-p194/include/ruby-1.9.1/x86_64-linux -I/home/simon/.rvm/rubies/ruby-1.9.3-p194/include/ruby-1.9.1/ruby/backward -I/home/simon/.rvm/rubies/ruby-1.9.3-p194/include/ruby-1.9.1 -I. -I/home/simon/.rvm/usr/include     -O3 -ggdb -Wextra -Wno-unused-parameter -Wno-parentheses -Wno-long-long -Wno-missing-field-initializers -Wpointer-arith -Wwrite-strings -Wdeclaration-after-statement -Wimplicit-function-declaration  -fPIC -Wall -Waggregate-return -Wcast-align -Wextra  -Wformat=2 -c conftest.c"
checked program was:
/* begin */
1: #include "ruby.h"
/* end */

--------------------

try_compiler_option: checking for -Winit-self option to compiler... -------------------- yes

"gcc -I/home/simon/.rvm/rubies/ruby-1.9.3-p194/include/ruby-1.9.1/x86_64-linux -I/home/simon/.rvm/rubies/ruby-1.9.3-p194/include/ruby-1.9.1/ruby/backward -I/home/simon/.rvm/rubies/ruby-1.9.3-p194/include/ruby-1.9.1 -I. -I/home/simon/.rvm/usr/include     -O3 -ggdb -Wextra -Wno-unused-parameter -Wno-parentheses -Wno-long-long -Wno-missing-field-initializers -Wpointer-arith -Wwrite-strings -Wdeclaration-after-statement -Wimplicit-function-declaration  -fPIC -Wall -Waggregate-return -Wcast-align -Wextra -Wformat=2  -Winit-self -c conftest.c"
checked program was:
/* begin */
1: #include "ruby.h"
/* end */

--------------------

try_compiler_option: checking for -Wlarger-than-65500 option to compiler... -------------------- yes

"gcc -I/home/simon/.rvm/rubies/ruby-1.9.3-p194/include/ruby-1.9.1/x86_64-linux -I/home/simon/.rvm/rubies/ruby-1.9.3-p194/include/ruby-1.9.1/ruby/backward -I/home/simon/.rvm/rubies/ruby-1.9.3-p194/include/ruby-1.9.1 -I. -I/home/simon/.rvm/usr/include     -O3 -ggdb -Wextra -Wno-unused-parameter -Wno-parentheses -Wno-long-long -Wno-missing-field-initializers -Wpointer-arith -Wwrite-strings -Wdeclaration-after-statement -Wimplicit-function-declaration  -fPIC -Wall -Waggregate-return -Wcast-align -Wextra -Wformat=2 -Winit-self  -Wlarger-than-65500 -c conftest.c"
checked program was:
/* begin */
1: #include "ruby.h"
/* end */

--------------------

try_compiler_option: checking for -Wmissing-declarations option to compiler... -------------------- yes

"gcc -I/home/simon/.rvm/rubies/ruby-1.9.3-p194/include/ruby-1.9.1/x86_64-linux -I/home/simon/.rvm/rubies/ruby-1.9.3-p194/include/ruby-1.9.1/ruby/backward -I/home/simon/.rvm/rubies/ruby-1.9.3-p194/include/ruby-1.9.1 -I. -I/home/simon/.rvm/usr/include     -O3 -ggdb -Wextra -Wno-unused-parameter -Wno-parentheses -Wno-long-long -Wno-missing-field-initializers -Wpointer-arith -Wwrite-strings -Wdeclaration-after-statement -Wimplicit-function-declaration  -fPIC -Wall -Waggregate-return -Wcast-align -Wextra -Wformat=2 -Winit-self -Wlarger-than-65500  -Wmissing-declarations -c conftest.c"
checked program was:
/* begin */
1: #include "ruby.h"
/* end */

--------------------

try_compiler_option: checking for -Wmissing-format-attribute option to compiler... -------------------- yes

"gcc -I/home/simon/.rvm/rubies/ruby-1.9.3-p194/include/ruby-1.9.1/x86_64-linux -I/home/simon/.rvm/rubies/ruby-1.9.3-p194/include/ruby-1.9.1/ruby/backward -I/home/simon/.rvm/rubies/ruby-1.9.3-p194/include/ruby-1.9.1 -I. -I/home/simon/.rvm/usr/include     -O3 -ggdb -Wextra -Wno-unused-parameter -Wno-parentheses -Wno-long-long -Wno-missing-field-initializers -Wpointer-arith -Wwrite-strings -Wdeclaration-after-statement -Wimplicit-function-declaration  -fPIC -Wall -Waggregate-return -Wcast-align -Wextra -Wformat=2 -Winit-self -Wlarger-than-65500 -Wmissing-declarations  -Wmissing-format-attribute -c conftest.c"
checked program was:
/* begin */
1: #include "ruby.h"
/* end */

--------------------

try_compiler_option: checking for -Wmissing-include-dirs option to compiler... -------------------- yes

"gcc -I/home/simon/.rvm/rubies/ruby-1.9.3-p194/include/ruby-1.9.1/x86_64-linux -I/home/simon/.rvm/rubies/ruby-1.9.3-p194/include/ruby-1.9.1/ruby/backward -I/home/simon/.rvm/rubies/ruby-1.9.3-p194/include/ruby-1.9.1 -I. -I/home/simon/.rvm/usr/include     -O3 -ggdb -Wextra -Wno-unused-parameter -Wno-parentheses -Wno-long-long -Wno-missing-field-initializers -Wpointer-arith -Wwrite-strings -Wdeclaration-after-statement -Wimplicit-function-declaration  -fPIC -Wall -Waggregate-return -Wcast-align -Wextra -Wformat=2 -Winit-self -Wlarger-than-65500 -Wmissing-declarations -Wmissing-format-attribute  -Wmissing-include-dirs -c conftest.c"
checked program was:
/* begin */
1: #include "ruby.h"
/* end */

--------------------

try_compiler_option: checking for -Wmissing-noreturn option to compiler... -------------------- yes

"gcc -I/home/simon/.rvm/rubies/ruby-1.9.3-p194/include/ruby-1.9.1/x86_64-linux -I/home/simon/.rvm/rubies/ruby-1.9.3-p194/include/ruby-1.9.1/ruby/backward -I/home/simon/.rvm/rubies/ruby-1.9.3-p194/include/ruby-1.9.1 -I. -I/home/simon/.rvm/usr/include     -O3 -ggdb -Wextra -Wno-unused-parameter -Wno-parentheses -Wno-long-long -Wno-missing-field-initializers -Wpointer-arith -Wwrite-strings -Wdeclaration-after-statement -Wimplicit-function-declaration  -fPIC -Wall -Waggregate-return -Wcast-align -Wextra -Wformat=2 -Winit-self -Wlarger-than-65500 -Wmissing-declarations -Wmissing-format-attribute -Wmissing-include-dirs  -Wmissing-noreturn -c conftest.c"
checked program was:
/* begin */
1: #include "ruby.h"
/* end */

--------------------

try_compiler_option: checking for -Wmissing-prototypes option to compiler... -------------------- yes

"gcc -I/home/simon/.rvm/rubies/ruby-1.9.3-p194/include/ruby-1.9.1/x86_64-linux -I/home/simon/.rvm/rubies/ruby-1.9.3-p194/include/ruby-1.9.1/ruby/backward -I/home/simon/.rvm/rubies/ruby-1.9.3-p194/include/ruby-1.9.1 -I. -I/home/simon/.rvm/usr/include     -O3 -ggdb -Wextra -Wno-unused-parameter -Wno-parentheses -Wno-long-long -Wno-missing-field-initializers -Wpointer-arith -Wwrite-strings -Wdeclaration-after-statement -Wimplicit-function-declaration  -fPIC -Wall -Waggregate-return -Wcast-align -Wextra -Wformat=2 -Winit-self -Wlarger-than-65500 -Wmissing-declarations -Wmissing-format-attribute -Wmissing-include-dirs -Wmissing-noreturn  -Wmissing-prototypes -c conftest.c"
checked program was:
/* begin */
1: #include "ruby.h"
/* end */

--------------------

try_compiler_option: checking for -Wnested-externs option to compiler... -------------------- yes

"gcc -I/home/simon/.rvm/rubies/ruby-1.9.3-p194/include/ruby-1.9.1/x86_64-linux -I/home/simon/.rvm/rubies/ruby-1.9.3-p194/include/ruby-1.9.1/ruby/backward -I/home/simon/.rvm/rubies/ruby-1.9.3-p194/include/ruby-1.9.1 -I. -I/home/simon/.rvm/usr/include     -O3 -ggdb -Wextra -Wno-unused-parameter -Wno-parentheses -Wno-long-long -Wno-missing-field-initializers -Wpointer-arith -Wwrite-strings -Wdeclaration-after-statement -Wimplicit-function-declaration  -fPIC -Wall -Waggregate-return -Wcast-align -Wextra -Wformat=2 -Winit-self -Wlarger-than-65500 -Wmissing-declarations -Wmissing-format-attribute -Wmissing-include-dirs -Wmissing-noreturn -Wmissing-prototypes  -Wnested-externs -c conftest.c"
checked program was:
/* begin */
1: #include "ruby.h"
/* end */

--------------------

try_compiler_option: checking for -Wold-style-definition option to compiler... -------------------- yes

"gcc -I/home/simon/.rvm/rubies/ruby-1.9.3-p194/include/ruby-1.9.1/x86_64-linux -I/home/simon/.rvm/rubies/ruby-1.9.3-p194/include/ruby-1.9.1/ruby/backward -I/home/simon/.rvm/rubies/ruby-1.9.3-p194/include/ruby-1.9.1 -I. -I/home/simon/.rvm/usr/include     -O3 -ggdb -Wextra -Wno-unused-parameter -Wno-parentheses -Wno-long-long -Wno-missing-field-initializers -Wpointer-arith -Wwrite-strings -Wdeclaration-after-statement -Wimplicit-function-declaration  -fPIC -Wall -Waggregate-return -Wcast-align -Wextra -Wformat=2 -Winit-self -Wlarger-than-65500 -Wmissing-declarations -Wmissing-format-attribute -Wmissing-include-dirs -Wmissing-noreturn -Wmissing-prototypes -Wnested-externs  -Wold-style-definition -c conftest.c"
checked program was:
/* begin */
1: #include "ruby.h"
/* end */

--------------------

try_compiler_option: checking for -Wpacked option to compiler... -------------------- yes

"gcc -I/home/simon/.rvm/rubies/ruby-1.9.3-p194/include/ruby-1.9.1/x86_64-linux -I/home/simon/.rvm/rubies/ruby-1.9.3-p194/include/ruby-1.9.1/ruby/backward -I/home/simon/.rvm/rubies/ruby-1.9.3-p194/include/ruby-1.9.1 -I. -I/home/simon/.rvm/usr/include     -O3 -ggdb -Wextra -Wno-unused-parameter -Wno-parentheses -Wno-long-long -Wno-missing-field-initializers -Wpointer-arith -Wwrite-strings -Wdeclaration-after-statement -Wimplicit-function-declaration  -fPIC -Wall -Waggregate-return -Wcast-align -Wextra -Wformat=2 -Winit-self -Wlarger-than-65500 -Wmissing-declarations -Wmissing-format-attribute -Wmissing-include-dirs -Wmissing-noreturn -Wmissing-prototypes -Wnested-externs -Wold-style-definition  -Wpacked -c conftest.c"
checked program was:
/* begin */
1: #include "ruby.h"
/* end */

--------------------

try_compiler_option: checking for -Wp,-D_FORTIFY_SOURCE=2 option to compiler... -------------------- yes

"gcc -I/home/simon/.rvm/rubies/ruby-1.9.3-p194/include/ruby-1.9.1/x86_64-linux -I/home/simon/.rvm/rubies/ruby-1.9.3-p194/include/ruby-1.9.1/ruby/backward -I/home/simon/.rvm/rubies/ruby-1.9.3-p194/include/ruby-1.9.1 -I. -I/home/simon/.rvm/usr/include     -O3 -ggdb -Wextra -Wno-unused-parameter -Wno-parentheses -Wno-long-long -Wno-missing-field-initializers -Wpointer-arith -Wwrite-strings -Wdeclaration-after-statement -Wimplicit-function-declaration  -fPIC -Wall -Waggregate-return -Wcast-align -Wextra -Wformat=2 -Winit-self -Wlarger-than-65500 -Wmissing-declarations -Wmissing-format-attribute -Wmissing-include-dirs -Wmissing-noreturn -Wmissing-prototypes -Wnested-externs -Wold-style-definition -Wpacked  -Wp,-D_FORTIFY_SOURCE=2 -c conftest.c"
checked program was:
/* begin */
1: #include "ruby.h"
/* end */

--------------------

try_compiler_option: checking for -Wpointer-arith option to compiler... -------------------- yes

"gcc -I/home/simon/.rvm/rubies/ruby-1.9.3-p194/include/ruby-1.9.1/x86_64-linux -I/home/simon/.rvm/rubies/ruby-1.9.3-p194/include/ruby-1.9.1/ruby/backward -I/home/simon/.rvm/rubies/ruby-1.9.3-p194/include/ruby-1.9.1 -I. -I/home/simon/.rvm/usr/include     -O3 -ggdb -Wextra -Wno-unused-parameter -Wno-parentheses -Wno-long-long -Wno-missing-field-initializers -Wpointer-arith -Wwrite-strings -Wdeclaration-after-statement -Wimplicit-function-declaration  -fPIC -Wall -Waggregate-return -Wcast-align -Wextra -Wformat=2 -Winit-self -Wlarger-than-65500 -Wmissing-declarations -Wmissing-format-attribute -Wmissing-include-dirs -Wmissing-noreturn -Wmissing-prototypes -Wnested-externs -Wold-style-definition -Wpacked -Wp,-D_FORTIFY_SOURCE=2  -Wpointer-arith -c conftest.c"
checked program was:
/* begin */
1: #include "ruby.h"
/* end */

--------------------

try_compiler_option: checking for -Wswitch-default option to compiler... -------------------- yes

"gcc -I/home/simon/.rvm/rubies/ruby-1.9.3-p194/include/ruby-1.9.1/x86_64-linux -I/home/simon/.rvm/rubies/ruby-1.9.3-p194/include/ruby-1.9.1/ruby/backward -I/home/simon/.rvm/rubies/ruby-1.9.3-p194/include/ruby-1.9.1 -I. -I/home/simon/.rvm/usr/include     -O3 -ggdb -Wextra -Wno-unused-parameter -Wno-parentheses -Wno-long-long -Wno-missing-field-initializers -Wpointer-arith -Wwrite-strings -Wdeclaration-after-statement -Wimplicit-function-declaration  -fPIC -Wall -Waggregate-return -Wcast-align -Wextra -Wformat=2 -Winit-self -Wlarger-than-65500 -Wmissing-declarations -Wmissing-format-attribute -Wmissing-include-dirs -Wmissing-noreturn -Wmissing-prototypes -Wnested-externs -Wold-style-definition -Wpacked -Wp,-D_FORTIFY_SOURCE=2 -Wpointer-arith  -Wswitch-default -c conftest.c"
checked program was:
/* begin */
1: #include "ruby.h"
/* end */

--------------------

try_compiler_option: checking for -Wswitch-enum option to compiler... -------------------- yes

"gcc -I/home/simon/.rvm/rubies/ruby-1.9.3-p194/include/ruby-1.9.1/x86_64-linux -I/home/simon/.rvm/rubies/ruby-1.9.3-p194/include/ruby-1.9.1/ruby/backward -I/home/simon/.rvm/rubies/ruby-1.9.3-p194/include/ruby-1.9.1 -I. -I/home/simon/.rvm/usr/include     -O3 -ggdb -Wextra -Wno-unused-parameter -Wno-parentheses -Wno-long-long -Wno-missing-field-initializers -Wpointer-arith -Wwrite-strings -Wdeclaration-after-statement -Wimplicit-function-declaration  -fPIC -Wall -Waggregate-return -Wcast-align -Wextra -Wformat=2 -Winit-self -Wlarger-than-65500 -Wmissing-declarations -Wmissing-format-attribute -Wmissing-include-dirs -Wmissing-noreturn -Wmissing-prototypes -Wnested-externs -Wold-style-definition -Wpacked -Wp,-D_FORTIFY_SOURCE=2 -Wpointer-arith -Wswitch-default  -Wswitch-enum -c conftest.c"
checked program was:
/* begin */
1: #include "ruby.h"
/* end */

--------------------

try_compiler_option: checking for -Wundef option to compiler... -------------------- yes

"gcc -I/home/simon/.rvm/rubies/ruby-1.9.3-p194/include/ruby-1.9.1/x86_64-linux -I/home/simon/.rvm/rubies/ruby-1.9.3-p194/include/ruby-1.9.1/ruby/backward -I/home/simon/.rvm/rubies/ruby-1.9.3-p194/include/ruby-1.9.1 -I. -I/home/simon/.rvm/usr/include     -O3 -ggdb -Wextra -Wno-unused-parameter -Wno-parentheses -Wno-long-long -Wno-missing-field-initializers -Wpointer-arith -Wwrite-strings -Wdeclaration-after-statement -Wimplicit-function-declaration  -fPIC -Wall -Waggregate-return -Wcast-align -Wextra -Wformat=2 -Winit-self -Wlarger-than-65500 -Wmissing-declarations -Wmissing-format-attribute -Wmissing-include-dirs -Wmissing-noreturn -Wmissing-prototypes -Wnested-externs -Wold-style-definition -Wpacked -Wp,-D_FORTIFY_SOURCE=2 -Wpointer-arith -Wswitch-default -Wswitch-enum  -Wundef -c conftest.c"
checked program was:
/* begin */
1: #include "ruby.h"
/* end */

--------------------

try_compiler_option: checking for -Wunsafe-loop-optimizations option to compiler... -------------------- yes

"gcc -I/home/simon/.rvm/rubies/ruby-1.9.3-p194/include/ruby-1.9.1/x86_64-linux -I/home/simon/.rvm/rubies/ruby-1.9.3-p194/include/ruby-1.9.1/ruby/backward -I/home/simon/.rvm/rubies/ruby-1.9.3-p194/include/ruby-1.9.1 -I. -I/home/simon/.rvm/usr/include     -O3 -ggdb -Wextra -Wno-unused-parameter -Wno-parentheses -Wno-long-long -Wno-missing-field-initializers -Wpointer-arith -Wwrite-strings -Wdeclaration-after-statement -Wimplicit-function-declaration  -fPIC -Wall -Waggregate-return -Wcast-align -Wextra -Wformat=2 -Winit-self -Wlarger-than-65500 -Wmissing-declarations -Wmissing-format-attribute -Wmissing-include-dirs -Wmissing-noreturn -Wmissing-prototypes -Wnested-externs -Wold-style-definition -Wpacked -Wp,-D_FORTIFY_SOURCE=2 -Wpointer-arith -Wswitch-default -Wswitch-enum -Wundef  -Wunsafe-loop-optimizations -c conftest.c"
checked program was:
/* begin */
1: #include "ruby.h"
/* end */

--------------------

try_compiler_option: checking for -Wwrite-strings option to compiler... -------------------- yes

"gcc -I/home/simon/.rvm/rubies/ruby-1.9.3-p194/include/ruby-1.9.1/x86_64-linux -I/home/simon/.rvm/rubies/ruby-1.9.3-p194/include/ruby-1.9.1/ruby/backward -I/home/simon/.rvm/rubies/ruby-1.9.3-p194/include/ruby-1.9.1 -I. -I/home/simon/.rvm/usr/include     -O3 -ggdb -Wextra -Wno-unused-parameter -Wno-parentheses -Wno-long-long -Wno-missing-field-initializers -Wpointer-arith -Wwrite-strings -Wdeclaration-after-statement -Wimplicit-function-declaration  -fPIC -Wall -Waggregate-return -Wcast-align -Wextra -Wformat=2 -Winit-self -Wlarger-than-65500 -Wmissing-declarations -Wmissing-format-attribute -Wmissing-include-dirs -Wmissing-noreturn -Wmissing-prototypes -Wnested-externs -Wold-style-definition -Wpacked -Wp,-D_FORTIFY_SOURCE=2 -Wpointer-arith -Wswitch-default -Wswitch-enum -Wundef -Wunsafe-loop-optimizations  -Wwrite-strings -c conftest.c"
checked program was:
/* begin */
1: #include "ruby.h"
/* end */

--------------------

have_func: checking for rb_define_alloc_func() in ruby.h... -------------------- yes

"gcc -o conftest -I/home/simon/.rvm/rubies/ruby-1.9.3-p194/include/ruby-1.9.1/x86_64-linux -I/home/simon/.rvm/rubies/ruby-1.9.3-p194/include/ruby-1.9.1/ruby/backward -I/home/simon/.rvm/rubies/ruby-1.9.3-p194/include/ruby-1.9.1 -I. -I/home/simon/.rvm/rubies/ruby-1.9.3-p194/lib/ruby/site_ruby/1.9.1/x86_64-linux  -I/home/simon/.rvm/rubies/ruby-1.9.3-p194/lib/ruby/vendor_ruby/1.9.1/x86_64-linux  -I/home/simon/.rvm/usr/include     -O3 -ggdb -Wextra -Wno-unused-parameter -Wno-parentheses -Wno-long-long -Wno-missing-field-initializers -Wpointer-arith -Wwrite-strings -Wdeclaration-after-statement -Wimplicit-function-declaration  -fPIC -Wall -Waggregate-return -Wcast-align -Wextra -Wformat=2 -Winit-self -Wlarger-than-65500 -Wmissing-declarations -Wmissing-format-attribute -Wmissing-include-dirs -Wmissing-noreturn -Wmissing-prototypes -Wnested-externs -Wold-style-definition -Wpacked -Wp,-D_FORTIFY_SOURCE=2 -Wpointer-arith -Wswitch-default -Wswitch-enum -Wundef -Wunsafe-loop-optimizations -Wwrite-strings conftest.c  -L. -L/home/simon/.rvm/rubies/ruby-1.9.3-p194/lib -Wl,-R/home/simon/.rvm/rubies/ruby-1.9.3-p194/lib -L/home/simon/.rvm/usr/lib -Wl,-R/home/simon/.rvm/usr/lib -L.  -rdynamic -Wl,-export-dynamic     -Wl,-R -Wl,/home/simon/.rvm/rubies/ruby-1.9.3-p194/lib -L/home/simon/.rvm/rubies/ruby-1.9.3-p194/lib -lruby  -lpthread -lrt -ldl -lcrypt -lm   -lc"
conftest.c: In function ‘main’:
conftest.c:6:5: warning: old-style function definition [-Wold-style-definition]
conftest.c: At top level:
conftest.c:7:5: warning: no previous prototype for ‘t’ [-Wmissing-prototypes]
conftest.c: In function ‘t’:
conftest.c:7:5: warning: old-style function definition [-Wold-style-definition]
conftest.c:7:28: warning: variable ‘p’ set but not used [-Wunused-but-set-variable]
checked program was:
/* begin */
1: #include "ruby.h"
2: 
3: #include <ruby.h>
4: 
5: /*top*/
6: int main() {return 0;}
7: int t() { void ((*volatile p)()); p = (void ((*)()))rb_define_alloc_func; return 0; }
/* end */

--------------------

have_func: checking for rb_block_proc() in ruby.h... -------------------- yes

"gcc -o conftest -I/home/simon/.rvm/rubies/ruby-1.9.3-p194/include/ruby-1.9.1/x86_64-linux -I/home/simon/.rvm/rubies/ruby-1.9.3-p194/include/ruby-1.9.1/ruby/backward -I/home/simon/.rvm/rubies/ruby-1.9.3-p194/include/ruby-1.9.1 -I. -I/home/simon/.rvm/rubies/ruby-1.9.3-p194/lib/ruby/site_ruby/1.9.1/x86_64-linux  -I/home/simon/.rvm/rubies/ruby-1.9.3-p194/lib/ruby/vendor_ruby/1.9.1/x86_64-linux  -I/home/simon/.rvm/usr/include     -O3 -ggdb -Wextra -Wno-unused-parameter -Wno-parentheses -Wno-long-long -Wno-missing-field-initializers -Wpointer-arith -Wwrite-strings -Wdeclaration-after-statement -Wimplicit-function-declaration  -fPIC -Wall -Waggregate-return -Wcast-align -Wextra -Wformat=2 -Winit-self -Wlarger-than-65500 -Wmissing-declarations -Wmissing-format-attribute -Wmissing-include-dirs -Wmissing-noreturn -Wmissing-prototypes -Wnested-externs -Wold-style-definition -Wpacked -Wp,-D_FORTIFY_SOURCE=2 -Wpointer-arith -Wswitch-default -Wswitch-enum -Wundef -Wunsafe-loop-optimizations -Wwrite-strings conftest.c  -L. -L/home/simon/.rvm/rubies/ruby-1.9.3-p194/lib -Wl,-R/home/simon/.rvm/rubies/ruby-1.9.3-p194/lib -L/home/simon/.rvm/usr/lib -Wl,-R/home/simon/.rvm/usr/lib -L.  -rdynamic -Wl,-export-dynamic     -Wl,-R -Wl,/home/simon/.rvm/rubies/ruby-1.9.3-p194/lib -L/home/simon/.rvm/rubies/ruby-1.9.3-p194/lib -lruby  -lpthread -lrt -ldl -lcrypt -lm   -lc"
conftest.c: In function ‘main’:
conftest.c:6:5: warning: old-style function definition [-Wold-style-definition]
conftest.c: At top level:
conftest.c:7:5: warning: no previous prototype for ‘t’ [-Wmissing-prototypes]
conftest.c: In function ‘t’:
conftest.c:7:5: warning: old-style function definition [-Wold-style-definition]
conftest.c:7:28: warning: variable ‘p’ set but not used [-Wunused-but-set-variable]
checked program was:
/* begin */
1: #include "ruby.h"
2: 
3: #include <ruby.h>
4: 
5: /*top*/
6: int main() {return 0;}
7: int t() { void ((*volatile p)()); p = (void ((*)()))rb_block_proc; return 0; }
/* end */

--------------------

"gcc -I/home/simon/.rvm/rubies/ruby-1.9.3-p194/include/ruby-1.9.1/x86_64-linux -I/home/simon/.rvm/rubies/ruby-1.9.3-p194/include/ruby-1.9.1/ruby/backward -I/home/simon/.rvm/rubies/ruby-1.9.3-p194/include/ruby-1.9.1 -I. -I/home/simon/.rvm/rubies/ruby-1.9.3-p194/lib/ruby/site_ruby/1.9.1/x86_64-linux  -I/home/simon/.rvm/rubies/ruby-1.9.3-p194/lib/ruby/vendor_ruby/1.9.1/x86_64-linux  -I/home/simon/.rvm/usr/include     -O3 -ggdb -Wextra -Wno-unused-parameter -Wno-parentheses -Wno-long-long -Wno-missing-field-initializers -Wpointer-arith -Wwrite-strings -Wdeclaration-after-statement -Wimplicit-function-declaration  -fPIC -Wall -Waggregate-return -Wcast-align -Wextra -Wformat=2 -Winit-self -Wlarger-than-65500 -Wmissing-declarations -Wmissing-format-attribute -Wmissing-include-dirs -Wmissing-noreturn -Wmissing-prototypes -Wnested-externs -Wold-style-definition -Wpacked -Wp,-D_FORTIFY_SOURCE=2 -Wpointer-arith -Wswitch-default -Wswitch-enum -Wundef -Wunsafe-loop-optimizations -Wwrite-strings   -c conftest.c"
conftest.c:4:18: fatal error: node.h: No such file or directory
compilation terminated.
checked program was:
/* begin */
1: #include "ruby.h"
2: 
3: #include "ruby.h"
4: #include "node.h"
5: int node_attrasgn = (int)NODE_ATTRASGN;
/* end */

have_func: checking for rb_errinfo()... -------------------- yes

"gcc -o conftest -I/home/simon/.rvm/rubies/ruby-1.9.3-p194/include/ruby-1.9.1/x86_64-linux -I/home/simon/.rvm/rubies/ruby-1.9.3-p194/include/ruby-1.9.1/ruby/backward -I/home/simon/.rvm/rubies/ruby-1.9.3-p194/include/ruby-1.9.1 -I. -I/home/simon/.rvm/rubies/ruby-1.9.3-p194/lib/ruby/site_ruby/1.9.1/x86_64-linux  -I/home/simon/.rvm/rubies/ruby-1.9.3-p194/lib/ruby/vendor_ruby/1.9.1/x86_64-linux  -I/home/simon/.rvm/usr/include     -O3 -ggdb -Wextra -Wno-unused-parameter -Wno-parentheses -Wno-long-long -Wno-missing-field-initializers -Wpointer-arith -Wwrite-strings -Wdeclaration-after-statement -Wimplicit-function-declaration  -fPIC -Wall -Waggregate-return -Wcast-align -Wextra -Wformat=2 -Winit-self -Wlarger-than-65500 -Wmissing-declarations -Wmissing-format-attribute -Wmissing-include-dirs -Wmissing-noreturn -Wmissing-prototypes -Wnested-externs -Wold-style-definition -Wpacked -Wp,-D_FORTIFY_SOURCE=2 -Wpointer-arith -Wswitch-default -Wswitch-enum -Wundef -Wunsafe-loop-optimizations -Wwrite-strings conftest.c  -L. -L/home/simon/.rvm/rubies/ruby-1.9.3-p194/lib -Wl,-R/home/simon/.rvm/rubies/ruby-1.9.3-p194/lib -L/home/simon/.rvm/usr/lib -Wl,-R/home/simon/.rvm/usr/lib -L.  -rdynamic -Wl,-export-dynamic     -Wl,-R -Wl,/home/simon/.rvm/rubies/ruby-1.9.3-p194/lib -L/home/simon/.rvm/rubies/ruby-1.9.3-p194/lib -lruby  -lpthread -lrt -ldl -lcrypt -lm   -lc"
conftest.c: In function ‘main’:
conftest.c:4:5: warning: old-style function definition [-Wold-style-definition]
conftest.c: At top level:
conftest.c:5:5: warning: no previous prototype for ‘t’ [-Wmissing-prototypes]
conftest.c: In function ‘t’:
conftest.c:5:5: warning: old-style function definition [-Wold-style-definition]
conftest.c:5:28: warning: variable ‘p’ set but not used [-Wunused-but-set-variable]
checked program was:
/* begin */
1: #include "ruby.h"
2: 
3: /*top*/
4: int main() {return 0;}
5: int t() { void ((*volatile p)()); p = (void ((*)()))rb_errinfo; return 0; }
/* end */

--------------------

have_package: checking for cairo... -------------------- yes

--------------------

have_header: checking for rb_cairo.h... -------------------- yes

"gcc -E -I/home/simon/.rvm/gems/ruby-1.9.3-p194/gems/gdk_pixbuf2-1.2.1/ext/gdk_pixbuf2 -I/home/simon/.rvm/gems/ruby-1.9.3-p194/gems/gdk_pixbuf2-1.2.1/ext/gdk_pixbuf2 -I/home/simon/.rvm/gems/ruby-1.9.3-p194/gems/gdk_pixbuf2-1.2.1/ext/gdk_pixbuf2 -I/home/simon/.rvm/gems/ruby-1.9.3-p194/gems/gdk_pixbuf2-1.2.1/ext/gdk_pixbuf2 -I/home/simon/.rvm/gems/ruby-1.9.3-p194/gems/gdk_pixbuf2-1.2.1/ext/gdk_pixbuf2 -I/home/simon/.rvm/gems/ruby-1.9.3-p194/gems/pango-1.2.1/ext/pango -I/home/simon/.rvm/gems/ruby-1.9.3-p194/gems/pango-1.2.1/ext/pango -I/home/simon/.rvm/gems/ruby-1.9.3-p194/gems/pango-1.2.1/ext/pango -I/home/simon/.rvm/gems/ruby-1.9.3-p194/gems/pango-1.2.1/ext/pango -I/home/simon/.rvm/gems/ruby-1.9.3-p194/gems/pango-1.2.1/ext/pango -I/home/simon/.rvm/gems/ruby-1.9.3-p194/gems/atk-1.2.1/ext/atk -I/home/simon/.rvm/gems/ruby-1.9.3-p194/gems/atk-1.2.1/ext/atk -I/home/simon/.rvm/gems/ruby-1.9.3-p194/gems/atk-1.2.1/ext/atk -I/home/simon/.rvm/gems/ruby-1.9.3-p194/gems/atk-1.2.1/ext/atk -I/home/simon/.rvm/gems/ruby-1.9.3-p194/gems/atk-1.2.1/ext/atk -I/home/simon/.rvm/gems/ruby-1.9.3-p194/gems/glib2-1.2.1/ext/glib2 -I/home/simon/.rvm/gems/ruby-1.9.3-p194/gems/glib2-1.2.1/ext/glib2 -I/home/simon/.rvm/gems/ruby-1.9.3-p194/gems/glib2-1.2.1/ext/glib2 -I/home/simon/.rvm/gems/ruby-1.9.3-p194/gems/glib2-1.2.1/ext/glib2 -I/home/simon/.rvm/gems/ruby-1.9.3-p194/gems/glib2-1.2.1/ext/glib2 -I/home/simon/.rvm/rubies/ruby-1.9.3-p194/include/ruby-1.9.1/x86_64-linux -I/home/simon/.rvm/rubies/ruby-1.9.3-p194/include/ruby-1.9.1/ruby/backward -I/home/simon/.rvm/rubies/ruby-1.9.3-p194/include/ruby-1.9.1 -I. -I/home/simon/.rvm/rubies/ruby-1.9.3-p194/lib/ruby/site_ruby/1.9.1/x86_64-linux  -I/home/simon/.rvm/rubies/ruby-1.9.3-p194/lib/ruby/vendor_ruby/1.9.1/x86_64-linux  -I/home/simon/.rvm/usr/include     -O3 -ggdb -Wextra -Wno-unused-parameter -Wno-parentheses -Wno-long-long -Wno-missing-field-initializers -Wpointer-arith -Wwrite-strings -Wdeclaration-after-statement -Wimplicit-function-declaration  -fPIC -Wall -Waggregate-return -Wcast-align -Wextra -Wformat=2 -Winit-self -Wlarger-than-65500 -Wmissing-declarations -Wmissing-format-attribute -Wmissing-include-dirs -Wmissing-noreturn -Wmissing-prototypes -Wnested-externs -Wold-style-definition -Wpacked -Wp,-D_FORTIFY_SOURCE=2 -Wpointer-arith -Wswitch-default -Wswitch-enum -Wundef -Wunsafe-loop-optimizations -Wwrite-strings -I/home/simon/.rvm/gems/ruby-1.9.3-p194/gems/cairo-1.12.3/ext/cairo -I/usr/include/cairo -I/usr/include/glib-2.0 -I/usr/lib/x86_64-linux-gnu/glib-2.0/include -I/usr/include/pixman-1 -I/usr/include/freetype2 -I/usr/include/libpng12  conftest.c -o conftest.i"
checked program was:
/* begin */
1: #include "ruby.h"
2: 
3: #include <rb_cairo.h>
/* end */

--------------------

setup_win32: checking for Win32 OS... -------------------- no

--------------------

have_package: checking for gtk+-2.0... -------------------- yes

--------------------

have_header: checking for st.h... -------------------- yes

"gcc -E -I/home/simon/.rvm/gems/ruby-1.9.3-p194/gems/gdk_pixbuf2-1.2.1/ext/gdk_pixbuf2 -I/home/simon/.rvm/gems/ruby-1.9.3-p194/gems/gdk_pixbuf2-1.2.1/ext/gdk_pixbuf2 -I/home/simon/.rvm/gems/ruby-1.9.3-p194/gems/gdk_pixbuf2-1.2.1/ext/gdk_pixbuf2 -I/home/simon/.rvm/gems/ruby-1.9.3-p194/gems/gdk_pixbuf2-1.2.1/ext/gdk_pixbuf2 -I/home/simon/.rvm/gems/ruby-1.9.3-p194/gems/gdk_pixbuf2-1.2.1/ext/gdk_pixbuf2 -I/home/simon/.rvm/gems/ruby-1.9.3-p194/gems/pango-1.2.1/ext/pango -I/home/simon/.rvm/gems/ruby-1.9.3-p194/gems/pango-1.2.1/ext/pango -I/home/simon/.rvm/gems/ruby-1.9.3-p194/gems/pango-1.2.1/ext/pango -I/home/simon/.rvm/gems/ruby-1.9.3-p194/gems/pango-1.2.1/ext/pango -I/home/simon/.rvm/gems/ruby-1.9.3-p194/gems/pango-1.2.1/ext/pango -I/home/simon/.rvm/gems/ruby-1.9.3-p194/gems/atk-1.2.1/ext/atk -I/home/simon/.rvm/gems/ruby-1.9.3-p194/gems/atk-1.2.1/ext/atk -I/home/simon/.rvm/gems/ruby-1.9.3-p194/gems/atk-1.2.1/ext/atk -I/home/simon/.rvm/gems/ruby-1.9.3-p194/gems/atk-1.2.1/ext/atk -I/home/simon/.rvm/gems/ruby-1.9.3-p194/gems/atk-1.2.1/ext/atk -I/home/simon/.rvm/gems/ruby-1.9.3-p194/gems/glib2-1.2.1/ext/glib2 -I/home/simon/.rvm/gems/ruby-1.9.3-p194/gems/glib2-1.2.1/ext/glib2 -I/home/simon/.rvm/gems/ruby-1.9.3-p194/gems/glib2-1.2.1/ext/glib2 -I/home/simon/.rvm/gems/ruby-1.9.3-p194/gems/glib2-1.2.1/ext/glib2 -I/home/simon/.rvm/gems/ruby-1.9.3-p194/gems/glib2-1.2.1/ext/glib2 -I/home/simon/.rvm/rubies/ruby-1.9.3-p194/include/ruby-1.9.1/x86_64-linux -I/home/simon/.rvm/rubies/ruby-1.9.3-p194/include/ruby-1.9.1/ruby/backward -I/home/simon/.rvm/rubies/ruby-1.9.3-p194/include/ruby-1.9.1 -I. -I/home/simon/.rvm/rubies/ruby-1.9.3-p194/lib/ruby/site_ruby/1.9.1/x86_64-linux  -I/home/simon/.rvm/rubies/ruby-1.9.3-p194/lib/ruby/vendor_ruby/1.9.1/x86_64-linux  -I/home/simon/.rvm/usr/include     -O3 -ggdb -Wextra -Wno-unused-parameter -Wno-parentheses -Wno-long-long -Wno-missing-field-initializers -Wpointer-arith -Wwrite-strings -Wdeclaration-after-statement -Wimplicit-function-declaration  -fPIC -Wall -Waggregate-return -Wcast-align -Wextra -Wformat=2 -Winit-self -Wlarger-than-65500 -Wmissing-declarations -Wmissing-format-attribute -Wmissing-include-dirs -Wmissing-noreturn -Wmissing-prototypes -Wnested-externs -Wold-style-definition -Wpacked -Wp,-D_FORTIFY_SOURCE=2 -Wpointer-arith -Wswitch-default -Wswitch-enum -Wundef -Wunsafe-loop-optimizations -Wwrite-strings -I/home/simon/.rvm/gems/ruby-1.9.3-p194/gems/cairo-1.12.3/ext/cairo -I/usr/include/cairo -I/usr/include/glib-2.0 -I/usr/lib/x86_64-linux-gnu/glib-2.0/include -I/usr/include/pixman-1 -I/usr/include/freetype2 -I/usr/include/libpng12 -pthread -I/usr/include/gtk-2.0 -I/usr/include/pango-1.0 -I/usr/include/freetype2 -I/usr/include/glib-2.0 -I/usr/lib/x86_64-linux-gnu/glib-2.0/include -I/usr/include/gdk-pixbuf-2.0 -I/usr/include/libpng12 -I/usr/include/cairo -I/usr/include/pixman-1 -I/usr/include/atk-1.0 -I/usr/lib/x86_64-linux-gnu/gtk-2.0/include -I/usr/include/gio-unix-2.0/  conftest.c -o conftest.i"
In file included from conftest.c:3:0:
/home/simon/.rvm/rubies/ruby-1.9.3-p194/include/ruby-1.9.1/ruby/backward/st.h:2:2: warning: #warning use "ruby/st.h" instead of bare "st.h" [-Wcpp]
checked program was:
/* begin */
1: #include "ruby.h"
2: 
3: #include <st.h>
/* end */

--------------------

have_header: checking for ruby/st.h... -------------------- yes

"gcc -E -I/home/simon/.rvm/gems/ruby-1.9.3-p194/gems/gdk_pixbuf2-1.2.1/ext/gdk_pixbuf2 -I/home/simon/.rvm/gems/ruby-1.9.3-p194/gems/gdk_pixbuf2-1.2.1/ext/gdk_pixbuf2 -I/home/simon/.rvm/gems/ruby-1.9.3-p194/gems/gdk_pixbuf2-1.2.1/ext/gdk_pixbuf2 -I/home/simon/.rvm/gems/ruby-1.9.3-p194/gems/gdk_pixbuf2-1.2.1/ext/gdk_pixbuf2 -I/home/simon/.rvm/gems/ruby-1.9.3-p194/gems/gdk_pixbuf2-1.2.1/ext/gdk_pixbuf2 -I/home/simon/.rvm/gems/ruby-1.9.3-p194/gems/pango-1.2.1/ext/pango -I/home/simon/.rvm/gems/ruby-1.9.3-p194/gems/pango-1.2.1/ext/pango -I/home/simon/.rvm/gems/ruby-1.9.3-p194/gems/pango-1.2.1/ext/pango -I/home/simon/.rvm/gems/ruby-1.9.3-p194/gems/pango-1.2.1/ext/pango -I/home/simon/.rvm/gems/ruby-1.9.3-p194/gems/pango-1.2.1/ext/pango -I/home/simon/.rvm/gems/ruby-1.9.3-p194/gems/atk-1.2.1/ext/atk -I/home/simon/.rvm/gems/ruby-1.9.3-p194/gems/atk-1.2.1/ext/atk -I/home/simon/.rvm/gems/ruby-1.9.3-p194/gems/atk-1.2.1/ext/atk -I/home/simon/.rvm/gems/ruby-1.9.3-p194/gems/atk-1.2.1/ext/atk -I/home/simon/.rvm/gems/ruby-1.9.3-p194/gems/atk-1.2.1/ext/atk -I/home/simon/.rvm/gems/ruby-1.9.3-p194/gems/glib2-1.2.1/ext/glib2 -I/home/simon/.rvm/gems/ruby-1.9.3-p194/gems/glib2-1.2.1/ext/glib2 -I/home/simon/.rvm/gems/ruby-1.9.3-p194/gems/glib2-1.2.1/ext/glib2 -I/home/simon/.rvm/gems/ruby-1.9.3-p194/gems/glib2-1.2.1/ext/glib2 -I/home/simon/.rvm/gems/ruby-1.9.3-p194/gems/glib2-1.2.1/ext/glib2 -I/home/simon/.rvm/rubies/ruby-1.9.3-p194/include/ruby-1.9.1/x86_64-linux -I/home/simon/.rvm/rubies/ruby-1.9.3-p194/include/ruby-1.9.1/ruby/backward -I/home/simon/.rvm/rubies/ruby-1.9.3-p194/include/ruby-1.9.1 -I. -I/home/simon/.rvm/rubies/ruby-1.9.3-p194/lib/ruby/site_ruby/1.9.1/x86_64-linux  -I/home/simon/.rvm/rubies/ruby-1.9.3-p194/lib/ruby/vendor_ruby/1.9.1/x86_64-linux  -I/home/simon/.rvm/usr/include     -O3 -ggdb -Wextra -Wno-unused-parameter -Wno-parentheses -Wno-long-long -Wno-missing-field-initializers -Wpointer-arith -Wwrite-strings -Wdeclaration-after-statement -Wimplicit-function-declaration  -fPIC -Wall -Waggregate-return -Wcast-align -Wextra -Wformat=2 -Winit-self -Wlarger-than-65500 -Wmissing-declarations -Wmissing-format-attribute -Wmissing-include-dirs -Wmissing-noreturn -Wmissing-prototypes -Wnested-externs -Wold-style-definition -Wpacked -Wp,-D_FORTIFY_SOURCE=2 -Wpointer-arith -Wswitch-default -Wswitch-enum -Wundef -Wunsafe-loop-optimizations -Wwrite-strings -I/home/simon/.rvm/gems/ruby-1.9.3-p194/gems/cairo-1.12.3/ext/cairo -I/usr/include/cairo -I/usr/include/glib-2.0 -I/usr/lib/x86_64-linux-gnu/glib-2.0/include -I/usr/include/pixman-1 -I/usr/include/freetype2 -I/usr/include/libpng12 -pthread -I/usr/include/gtk-2.0 -I/usr/include/pango-1.0 -I/usr/include/freetype2 -I/usr/include/glib-2.0 -I/usr/lib/x86_64-linux-gnu/glib-2.0/include -I/usr/include/gdk-pixbuf-2.0 -I/usr/include/libpng12 -I/usr/include/cairo -I/usr/include/pixman-1 -I/usr/include/atk-1.0 -I/usr/lib/x86_64-linux-gnu/gtk-2.0/include -I/usr/include/gio-unix-2.0/  conftest.c -o conftest.i"
checked program was:
/* begin */
1: #include "ruby.h"
2: 
3: #include <ruby/st.h>
/* end */

--------------------

have_func: checking for gtk_plug_get_type() in gtk/gtk.h... -------------------- yes

"gcc -o conftest -I/home/simon/.rvm/gems/ruby-1.9.3-p194/gems/gdk_pixbuf2-1.2.1/ext/gdk_pixbuf2 -I/home/simon/.rvm/gems/ruby-1.9.3-p194/gems/gdk_pixbuf2-1.2.1/ext/gdk_pixbuf2 -I/home/simon/.rvm/gems/ruby-1.9.3-p194/gems/gdk_pixbuf2-1.2.1/ext/gdk_pixbuf2 -I/home/simon/.rvm/gems/ruby-1.9.3-p194/gems/gdk_pixbuf2-1.2.1/ext/gdk_pixbuf2 -I/home/simon/.rvm/gems/ruby-1.9.3-p194/gems/gdk_pixbuf2-1.2.1/ext/gdk_pixbuf2 -I/home/simon/.rvm/gems/ruby-1.9.3-p194/gems/pango-1.2.1/ext/pango -I/home/simon/.rvm/gems/ruby-1.9.3-p194/gems/pango-1.2.1/ext/pango -I/home/simon/.rvm/gems/ruby-1.9.3-p194/gems/pango-1.2.1/ext/pango -I/home/simon/.rvm/gems/ruby-1.9.3-p194/gems/pango-1.2.1/ext/pango -I/home/simon/.rvm/gems/ruby-1.9.3-p194/gems/pango-1.2.1/ext/pango -I/home/simon/.rvm/gems/ruby-1.9.3-p194/gems/atk-1.2.1/ext/atk -I/home/simon/.rvm/gems/ruby-1.9.3-p194/gems/atk-1.2.1/ext/atk -I/home/simon/.rvm/gems/ruby-1.9.3-p194/gems/atk-1.2.1/ext/atk -I/home/simon/.rvm/gems/ruby-1.9.3-p194/gems/atk-1.2.1/ext/atk -I/home/simon/.rvm/gems/ruby-1.9.3-p194/gems/atk-1.2.1/ext/atk -I/home/simon/.rvm/gems/ruby-1.9.3-p194/gems/glib2-1.2.1/ext/glib2 -I/home/simon/.rvm/gems/ruby-1.9.3-p194/gems/glib2-1.2.1/ext/glib2 -I/home/simon/.rvm/gems/ruby-1.9.3-p194/gems/glib2-1.2.1/ext/glib2 -I/home/simon/.rvm/gems/ruby-1.9.3-p194/gems/glib2-1.2.1/ext/glib2 -I/home/simon/.rvm/gems/ruby-1.9.3-p194/gems/glib2-1.2.1/ext/glib2 -I/home/simon/.rvm/rubies/ruby-1.9.3-p194/include/ruby-1.9.1/x86_64-linux -I/home/simon/.rvm/rubies/ruby-1.9.3-p194/include/ruby-1.9.1/ruby/backward -I/home/simon/.rvm/rubies/ruby-1.9.3-p194/include/ruby-1.9.1 -I. -I/home/simon/.rvm/rubies/ruby-1.9.3-p194/lib/ruby/site_ruby/1.9.1/x86_64-linux  -I/home/simon/.rvm/rubies/ruby-1.9.3-p194/lib/ruby/vendor_ruby/1.9.1/x86_64-linux  -I/home/simon/.rvm/usr/include     -O3 -ggdb -Wextra -Wno-unused-parameter -Wno-parentheses -Wno-long-long -Wno-missing-field-initializers -Wpointer-arith -Wwrite-strings -Wdeclaration-after-statement -Wimplicit-function-declaration  -fPIC -Wall -Waggregate-return -Wcast-align -Wextra -Wformat=2 -Winit-self -Wlarger-than-65500 -Wmissing-declarations -Wmissing-format-attribute -Wmissing-include-dirs -Wmissing-noreturn -Wmissing-prototypes -Wnested-externs -Wold-style-definition -Wpacked -Wp,-D_FORTIFY_SOURCE=2 -Wpointer-arith -Wswitch-default -Wswitch-enum -Wundef -Wunsafe-loop-optimizations -Wwrite-strings -I/home/simon/.rvm/gems/ruby-1.9.3-p194/gems/cairo-1.12.3/ext/cairo -I/usr/include/cairo -I/usr/include/glib-2.0 -I/usr/lib/x86_64-linux-gnu/glib-2.0/include -I/usr/include/pixman-1 -I/usr/include/freetype2 -I/usr/include/libpng12 -pthread -I/usr/include/gtk-2.0 -I/usr/include/pango-1.0 -I/usr/include/freetype2 -I/usr/include/glib-2.0 -I/usr/lib/x86_64-linux-gnu/glib-2.0/include -I/usr/include/gdk-pixbuf-2.0 -I/usr/include/libpng12 -I/usr/include/cairo -I/usr/include/pixman-1 -I/usr/include/atk-1.0 -I/usr/lib/x86_64-linux-gnu/gtk-2.0/include -I/usr/include/gio-unix-2.0/ conftest.c  -L. -L/home/simon/.rvm/rubies/ruby-1.9.3-p194/lib -Wl,-R/home/simon/.rvm/rubies/ruby-1.9.3-p194/lib -L/home/simon/.rvm/usr/lib -Wl,-R/home/simon/.rvm/usr/lib -L.  -rdynamic -Wl,-export-dynamic -L/usr/lib/x86_64-linux-gnu -L/usr/lib/x86_64-linux-gnu     -lcairo -lgtk-x11-2.0 -lgdk-x11-2.0 -lpango-1.0 -lglib-2.0 -lgobject-2.0 -lpangocairo-1.0 -lcairo -lgdk_pixbuf-2.0 -latk-1.0 -lgio-2.0 -lpangoft2-1.0 -lfreetype -lfontconfig -Wl,-R -Wl,/home/simon/.rvm/rubies/ruby-1.9.3-p194/lib -L/home/simon/.rvm/rubies/ruby-1.9.3-p194/lib -lruby  -lcairo -lgtk-x11-2.0 -lgdk-x11-2.0 -lpango-1.0 -lglib-2.0 -lgobject-2.0 -lpangocairo-1.0 -lcairo -lgdk_pixbuf-2.0 -latk-1.0 -lgio-2.0 -lpangoft2-1.0 -lfreetype -lfontconfig -lpthread -lrt -ldl -lcrypt -lm   -lc"
conftest.c: In function ‘main’:
conftest.c:6:5: warning: old-style function definition [-Wold-style-definition]
conftest.c: At top level:
conftest.c:7:5: warning: no previous prototype for ‘t’ [-Wmissing-prototypes]
conftest.c: In function ‘t’:
conftest.c:7:5: warning: old-style function definition [-Wold-style-definition]
conftest.c:7:28: warning: variable ‘p’ set but not used [-Wunused-but-set-variable]
checked program was:
/* begin */
1: #include "ruby.h"
2: 
3: #include <gtk/gtk.h>
4: 
5: /*top*/
6: int main() {return 0;}
7: int t() { void ((*volatile p)()); p = (void ((*)()))gtk_plug_get_type; return 0; }
/* end */

--------------------

have_func: checking for gtk_socket_get_type() in gtk/gtk.h... -------------------- yes

"gcc -o conftest -I/home/simon/.rvm/gems/ruby-1.9.3-p194/gems/gdk_pixbuf2-1.2.1/ext/gdk_pixbuf2 -I/home/simon/.rvm/gems/ruby-1.9.3-p194/gems/gdk_pixbuf2-1.2.1/ext/gdk_pixbuf2 -I/home/simon/.rvm/gems/ruby-1.9.3-p194/gems/gdk_pixbuf2-1.2.1/ext/gdk_pixbuf2 -I/home/simon/.rvm/gems/ruby-1.9.3-p194/gems/gdk_pixbuf2-1.2.1/ext/gdk_pixbuf2 -I/home/simon/.rvm/gems/ruby-1.9.3-p194/gems/gdk_pixbuf2-1.2.1/ext/gdk_pixbuf2 -I/home/simon/.rvm/gems/ruby-1.9.3-p194/gems/pango-1.2.1/ext/pango -I/home/simon/.rvm/gems/ruby-1.9.3-p194/gems/pango-1.2.1/ext/pango -I/home/simon/.rvm/gems/ruby-1.9.3-p194/gems/pango-1.2.1/ext/pango -I/home/simon/.rvm/gems/ruby-1.9.3-p194/gems/pango-1.2.1/ext/pango -I/home/simon/.rvm/gems/ruby-1.9.3-p194/gems/pango-1.2.1/ext/pango -I/home/simon/.rvm/gems/ruby-1.9.3-p194/gems/atk-1.2.1/ext/atk -I/home/simon/.rvm/gems/ruby-1.9.3-p194/gems/atk-1.2.1/ext/atk -I/home/simon/.rvm/gems/ruby-1.9.3-p194/gems/atk-1.2.1/ext/atk -I/home/simon/.rvm/gems/ruby-1.9.3-p194/gems/atk-1.2.1/ext/atk -I/home/simon/.rvm/gems/ruby-1.9.3-p194/gems/atk-1.2.1/ext/atk -I/home/simon/.rvm/gems/ruby-1.9.3-p194/gems/glib2-1.2.1/ext/glib2 -I/home/simon/.rvm/gems/ruby-1.9.3-p194/gems/glib2-1.2.1/ext/glib2 -I/home/simon/.rvm/gems/ruby-1.9.3-p194/gems/glib2-1.2.1/ext/glib2 -I/home/simon/.rvm/gems/ruby-1.9.3-p194/gems/glib2-1.2.1/ext/glib2 -I/home/simon/.rvm/gems/ruby-1.9.3-p194/gems/glib2-1.2.1/ext/glib2 -I/home/simon/.rvm/rubies/ruby-1.9.3-p194/include/ruby-1.9.1/x86_64-linux -I/home/simon/.rvm/rubies/ruby-1.9.3-p194/include/ruby-1.9.1/ruby/backward -I/home/simon/.rvm/rubies/ruby-1.9.3-p194/include/ruby-1.9.1 -I. -I/home/simon/.rvm/rubies/ruby-1.9.3-p194/lib/ruby/site_ruby/1.9.1/x86_64-linux  -I/home/simon/.rvm/rubies/ruby-1.9.3-p194/lib/ruby/vendor_ruby/1.9.1/x86_64-linux  -I/home/simon/.rvm/usr/include     -O3 -ggdb -Wextra -Wno-unused-parameter -Wno-parentheses -Wno-long-long -Wno-missing-field-initializers -Wpointer-arith -Wwrite-strings -Wdeclaration-after-statement -Wimplicit-function-declaration  -fPIC -Wall -Waggregate-return -Wcast-align -Wextra -Wformat=2 -Winit-self -Wlarger-than-65500 -Wmissing-declarations -Wmissing-format-attribute -Wmissing-include-dirs -Wmissing-noreturn -Wmissing-prototypes -Wnested-externs -Wold-style-definition -Wpacked -Wp,-D_FORTIFY_SOURCE=2 -Wpointer-arith -Wswitch-default -Wswitch-enum -Wundef -Wunsafe-loop-optimizations -Wwrite-strings -I/home/simon/.rvm/gems/ruby-1.9.3-p194/gems/cairo-1.12.3/ext/cairo -I/usr/include/cairo -I/usr/include/glib-2.0 -I/usr/lib/x86_64-linux-gnu/glib-2.0/include -I/usr/include/pixman-1 -I/usr/include/freetype2 -I/usr/include/libpng12 -pthread -I/usr/include/gtk-2.0 -I/usr/include/pango-1.0 -I/usr/include/freetype2 -I/usr/include/glib-2.0 -I/usr/lib/x86_64-linux-gnu/glib-2.0/include -I/usr/include/gdk-pixbuf-2.0 -I/usr/include/libpng12 -I/usr/include/cairo -I/usr/include/pixman-1 -I/usr/include/atk-1.0 -I/usr/lib/x86_64-linux-gnu/gtk-2.0/include -I/usr/include/gio-unix-2.0/ conftest.c  -L. -L/home/simon/.rvm/rubies/ruby-1.9.3-p194/lib -Wl,-R/home/simon/.rvm/rubies/ruby-1.9.3-p194/lib -L/home/simon/.rvm/usr/lib -Wl,-R/home/simon/.rvm/usr/lib -L.  -rdynamic -Wl,-export-dynamic -L/usr/lib/x86_64-linux-gnu -L/usr/lib/x86_64-linux-gnu     -lcairo -lgtk-x11-2.0 -lgdk-x11-2.0 -lpango-1.0 -lglib-2.0 -lgobject-2.0 -lpangocairo-1.0 -lcairo -lgdk_pixbuf-2.0 -latk-1.0 -lgio-2.0 -lpangoft2-1.0 -lfreetype -lfontconfig -Wl,-R -Wl,/home/simon/.rvm/rubies/ruby-1.9.3-p194/lib -L/home/simon/.rvm/rubies/ruby-1.9.3-p194/lib -lruby  -lcairo -lgtk-x11-2.0 -lgdk-x11-2.0 -lpango-1.0 -lglib-2.0 -lgobject-2.0 -lpangocairo-1.0 -lcairo -lgdk_pixbuf-2.0 -latk-1.0 -lgio-2.0 -lpangoft2-1.0 -lfreetype -lfontconfig -lpthread -lrt -ldl -lcrypt -lm   -lc"
conftest.c: In function ‘main’:
conftest.c:6:5: warning: old-style function definition [-Wold-style-definition]
conftest.c: At top level:
conftest.c:7:5: warning: no previous prototype for ‘t’ [-Wmissing-prototypes]
conftest.c: In function ‘t’:
conftest.c:7:5: warning: old-style function definition [-Wold-style-definition]
conftest.c:7:28: warning: variable ‘p’ set but not used [-Wunused-but-set-variable]
checked program was:
/* begin */
1: #include "ruby.h"
2: 
3: #include <gtk/gtk.h>
4: 
5: /*top*/
6: int main() {return 0;}
7: int t() { void ((*volatile p)()); p = (void ((*)()))gtk_socket_get_type; return 0; }
/* end */

--------------------

have_func: checking for pango_render_part_get_type() in gtk/gtk.h... -------------------- yes

"gcc -o conftest -I/home/simon/.rvm/gems/ruby-1.9.3-p194/gems/gdk_pixbuf2-1.2.1/ext/gdk_pixbuf2 -I/home/simon/.rvm/gems/ruby-1.9.3-p194/gems/gdk_pixbuf2-1.2.1/ext/gdk_pixbuf2 -I/home/simon/.rvm/gems/ruby-1.9.3-p194/gems/gdk_pixbuf2-1.2.1/ext/gdk_pixbuf2 -I/home/simon/.rvm/gems/ruby-1.9.3-p194/gems/gdk_pixbuf2-1.2.1/ext/gdk_pixbuf2 -I/home/simon/.rvm/gems/ruby-1.9.3-p194/gems/gdk_pixbuf2-1.2.1/ext/gdk_pixbuf2 -I/home/simon/.rvm/gems/ruby-1.9.3-p194/gems/pango-1.2.1/ext/pango -I/home/simon/.rvm/gems/ruby-1.9.3-p194/gems/pango-1.2.1/ext/pango -I/home/simon/.rvm/gems/ruby-1.9.3-p194/gems/pango-1.2.1/ext/pango -I/home/simon/.rvm/gems/ruby-1.9.3-p194/gems/pango-1.2.1/ext/pango -I/home/simon/.rvm/gems/ruby-1.9.3-p194/gems/pango-1.2.1/ext/pango -I/home/simon/.rvm/gems/ruby-1.9.3-p194/gems/atk-1.2.1/ext/atk -I/home/simon/.rvm/gems/ruby-1.9.3-p194/gems/atk-1.2.1/ext/atk -I/home/simon/.rvm/gems/ruby-1.9.3-p194/gems/atk-1.2.1/ext/atk -I/home/simon/.rvm/gems/ruby-1.9.3-p194/gems/atk-1.2.1/ext/atk -I/home/simon/.rvm/gems/ruby-1.9.3-p194/gems/atk-1.2.1/ext/atk -I/home/simon/.rvm/gems/ruby-1.9.3-p194/gems/glib2-1.2.1/ext/glib2 -I/home/simon/.rvm/gems/ruby-1.9.3-p194/gems/glib2-1.2.1/ext/glib2 -I/home/simon/.rvm/gems/ruby-1.9.3-p194/gems/glib2-1.2.1/ext/glib2 -I/home/simon/.rvm/gems/ruby-1.9.3-p194/gems/glib2-1.2.1/ext/glib2 -I/home/simon/.rvm/gems/ruby-1.9.3-p194/gems/glib2-1.2.1/ext/glib2 -I/home/simon/.rvm/rubies/ruby-1.9.3-p194/include/ruby-1.9.1/x86_64-linux -I/home/simon/.rvm/rubies/ruby-1.9.3-p194/include/ruby-1.9.1/ruby/backward -I/home/simon/.rvm/rubies/ruby-1.9.3-p194/include/ruby-1.9.1 -I. -I/home/simon/.rvm/rubies/ruby-1.9.3-p194/lib/ruby/site_ruby/1.9.1/x86_64-linux  -I/home/simon/.rvm/rubies/ruby-1.9.3-p194/lib/ruby/vendor_ruby/1.9.1/x86_64-linux  -I/home/simon/.rvm/usr/include     -O3 -ggdb -Wextra -Wno-unused-parameter -Wno-parentheses -Wno-long-long -Wno-missing-field-initializers -Wpointer-arith -Wwrite-strings -Wdeclaration-after-statement -Wimplicit-function-declaration  -fPIC -Wall -Waggregate-return -Wcast-align -Wextra -Wformat=2 -Winit-self -Wlarger-than-65500 -Wmissing-declarations -Wmissing-format-attribute -Wmissing-include-dirs -Wmissing-noreturn -Wmissing-prototypes -Wnested-externs -Wold-style-definition -Wpacked -Wp,-D_FORTIFY_SOURCE=2 -Wpointer-arith -Wswitch-default -Wswitch-enum -Wundef -Wunsafe-loop-optimizations -Wwrite-strings -I/home/simon/.rvm/gems/ruby-1.9.3-p194/gems/cairo-1.12.3/ext/cairo -I/usr/include/cairo -I/usr/include/glib-2.0 -I/usr/lib/x86_64-linux-gnu/glib-2.0/include -I/usr/include/pixman-1 -I/usr/include/freetype2 -I/usr/include/libpng12 -pthread -I/usr/include/gtk-2.0 -I/usr/include/pango-1.0 -I/usr/include/freetype2 -I/usr/include/glib-2.0 -I/usr/lib/x86_64-linux-gnu/glib-2.0/include -I/usr/include/gdk-pixbuf-2.0 -I/usr/include/libpng12 -I/usr/include/cairo -I/usr/include/pixman-1 -I/usr/include/atk-1.0 -I/usr/lib/x86_64-linux-gnu/gtk-2.0/include -I/usr/include/gio-unix-2.0/ conftest.c  -L. -L/home/simon/.rvm/rubies/ruby-1.9.3-p194/lib -Wl,-R/home/simon/.rvm/rubies/ruby-1.9.3-p194/lib -L/home/simon/.rvm/usr/lib -Wl,-R/home/simon/.rvm/usr/lib -L.  -rdynamic -Wl,-export-dynamic -L/usr/lib/x86_64-linux-gnu -L/usr/lib/x86_64-linux-gnu     -lcairo -lgtk-x11-2.0 -lgdk-x11-2.0 -lpango-1.0 -lglib-2.0 -lgobject-2.0 -lpangocairo-1.0 -lcairo -lgdk_pixbuf-2.0 -latk-1.0 -lgio-2.0 -lpangoft2-1.0 -lfreetype -lfontconfig -Wl,-R -Wl,/home/simon/.rvm/rubies/ruby-1.9.3-p194/lib -L/home/simon/.rvm/rubies/ruby-1.9.3-p194/lib -lruby  -lcairo -lgtk-x11-2.0 -lgdk-x11-2.0 -lpango-1.0 -lglib-2.0 -lgobject-2.0 -lpangocairo-1.0 -lcairo -lgdk_pixbuf-2.0 -latk-1.0 -lgio-2.0 -lpangoft2-1.0 -lfreetype -lfontconfig -lpthread -lrt -ldl -lcrypt -lm   -lc"
conftest.c: In function ‘main’:
conftest.c:6:5: warning: old-style function definition [-Wold-style-definition]
conftest.c: At top level:
conftest.c:7:5: warning: no previous prototype for ‘t’ [-Wmissing-prototypes]
conftest.c: In function ‘t’:
conftest.c:7:5: warning: old-style function definition [-Wold-style-definition]
conftest.c:7:28: warning: variable ‘p’ set but not used [-Wunused-but-set-variable]
checked program was:
/* begin */
1: #include "ruby.h"
2: 
3: #include <gtk/gtk.h>
4: 
5: /*top*/
6: int main() {return 0;}
7: int t() { void ((*volatile p)()); p = (void ((*)()))pango_render_part_get_type; return 0; }
/* end */

--------------------

have_header: checking for gtk/gtkfilesystem.h... -------------------- no

"gcc -E -I/home/simon/.rvm/gems/ruby-1.9.3-p194/gems/gdk_pixbuf2-1.2.1/ext/gdk_pixbuf2 -I/home/simon/.rvm/gems/ruby-1.9.3-p194/gems/gdk_pixbuf2-1.2.1/ext/gdk_pixbuf2 -I/home/simon/.rvm/gems/ruby-1.9.3-p194/gems/gdk_pixbuf2-1.2.1/ext/gdk_pixbuf2 -I/home/simon/.rvm/gems/ruby-1.9.3-p194/gems/gdk_pixbuf2-1.2.1/ext/gdk_pixbuf2 -I/home/simon/.rvm/gems/ruby-1.9.3-p194/gems/gdk_pixbuf2-1.2.1/ext/gdk_pixbuf2 -I/home/simon/.rvm/gems/ruby-1.9.3-p194/gems/pango-1.2.1/ext/pango -I/home/simon/.rvm/gems/ruby-1.9.3-p194/gems/pango-1.2.1/ext/pango -I/home/simon/.rvm/gems/ruby-1.9.3-p194/gems/pango-1.2.1/ext/pango -I/home/simon/.rvm/gems/ruby-1.9.3-p194/gems/pango-1.2.1/ext/pango -I/home/simon/.rvm/gems/ruby-1.9.3-p194/gems/pango-1.2.1/ext/pango -I/home/simon/.rvm/gems/ruby-1.9.3-p194/gems/atk-1.2.1/ext/atk -I/home/simon/.rvm/gems/ruby-1.9.3-p194/gems/atk-1.2.1/ext/atk -I/home/simon/.rvm/gems/ruby-1.9.3-p194/gems/atk-1.2.1/ext/atk -I/home/simon/.rvm/gems/ruby-1.9.3-p194/gems/atk-1.2.1/ext/atk -I/home/simon/.rvm/gems/ruby-1.9.3-p194/gems/atk-1.2.1/ext/atk -I/home/simon/.rvm/gems/ruby-1.9.3-p194/gems/glib2-1.2.1/ext/glib2 -I/home/simon/.rvm/gems/ruby-1.9.3-p194/gems/glib2-1.2.1/ext/glib2 -I/home/simon/.rvm/gems/ruby-1.9.3-p194/gems/glib2-1.2.1/ext/glib2 -I/home/simon/.rvm/gems/ruby-1.9.3-p194/gems/glib2-1.2.1/ext/glib2 -I/home/simon/.rvm/gems/ruby-1.9.3-p194/gems/glib2-1.2.1/ext/glib2 -I/home/simon/.rvm/rubies/ruby-1.9.3-p194/include/ruby-1.9.1/x86_64-linux -I/home/simon/.rvm/rubies/ruby-1.9.3-p194/include/ruby-1.9.1/ruby/backward -I/home/simon/.rvm/rubies/ruby-1.9.3-p194/include/ruby-1.9.1 -I. -I/home/simon/.rvm/rubies/ruby-1.9.3-p194/lib/ruby/site_ruby/1.9.1/x86_64-linux  -I/home/simon/.rvm/rubies/ruby-1.9.3-p194/lib/ruby/vendor_ruby/1.9.1/x86_64-linux  -I/home/simon/.rvm/usr/include     -O3 -ggdb -Wextra -Wno-unused-parameter -Wno-parentheses -Wno-long-long -Wno-missing-field-initializers -Wpointer-arith -Wwrite-strings -Wdeclaration-after-statement -Wimplicit-function-declaration  -fPIC -Wall -Waggregate-return -Wcast-align -Wextra -Wformat=2 -Winit-self -Wlarger-than-65500 -Wmissing-declarations -Wmissing-format-attribute -Wmissing-include-dirs -Wmissing-noreturn -Wmissing-prototypes -Wnested-externs -Wold-style-definition -Wpacked -Wp,-D_FORTIFY_SOURCE=2 -Wpointer-arith -Wswitch-default -Wswitch-enum -Wundef -Wunsafe-loop-optimizations -Wwrite-strings -I/home/simon/.rvm/gems/ruby-1.9.3-p194/gems/cairo-1.12.3/ext/cairo -I/usr/include/cairo -I/usr/include/glib-2.0 -I/usr/lib/x86_64-linux-gnu/glib-2.0/include -I/usr/include/pixman-1 -I/usr/include/freetype2 -I/usr/include/libpng12 -pthread -I/usr/include/gtk-2.0 -I/usr/include/pango-1.0 -I/usr/include/freetype2 -I/usr/include/glib-2.0 -I/usr/lib/x86_64-linux-gnu/glib-2.0/include -I/usr/include/gdk-pixbuf-2.0 -I/usr/include/libpng12 -I/usr/include/cairo -I/usr/include/pixman-1 -I/usr/include/atk-1.0 -I/usr/lib/x86_64-linux-gnu/gtk-2.0/include -I/usr/include/gio-unix-2.0/  conftest.c -o conftest.i"
conftest.c:4:31: fatal error: gtk/gtkfilesystem.h: No such file or directory
compilation terminated.
checked program was:
/* begin */
1: #define GTK_FILE_SYSTEM_ENABLE_UNSUPPORTED
2: #include "ruby.h"
3: 
4: #include <gtk/gtkfilesystem.h>
/* end */

--------------------

have_header: checking for X11/Xlib.h... -------------------- yes

"gcc -E -I/home/simon/.rvm/gems/ruby-1.9.3-p194/gems/gdk_pixbuf2-1.2.1/ext/gdk_pixbuf2 -I/home/simon/.rvm/gems/ruby-1.9.3-p194/gems/gdk_pixbuf2-1.2.1/ext/gdk_pixbuf2 -I/home/simon/.rvm/gems/ruby-1.9.3-p194/gems/gdk_pixbuf2-1.2.1/ext/gdk_pixbuf2 -I/home/simon/.rvm/gems/ruby-1.9.3-p194/gems/gdk_pixbuf2-1.2.1/ext/gdk_pixbuf2 -I/home/simon/.rvm/gems/ruby-1.9.3-p194/gems/gdk_pixbuf2-1.2.1/ext/gdk_pixbuf2 -I/home/simon/.rvm/gems/ruby-1.9.3-p194/gems/pango-1.2.1/ext/pango -I/home/simon/.rvm/gems/ruby-1.9.3-p194/gems/pango-1.2.1/ext/pango -I/home/simon/.rvm/gems/ruby-1.9.3-p194/gems/pango-1.2.1/ext/pango -I/home/simon/.rvm/gems/ruby-1.9.3-p194/gems/pango-1.2.1/ext/pango -I/home/simon/.rvm/gems/ruby-1.9.3-p194/gems/pango-1.2.1/ext/pango -I/home/simon/.rvm/gems/ruby-1.9.3-p194/gems/atk-1.2.1/ext/atk -I/home/simon/.rvm/gems/ruby-1.9.3-p194/gems/atk-1.2.1/ext/atk -I/home/simon/.rvm/gems/ruby-1.9.3-p194/gems/atk-1.2.1/ext/atk -I/home/simon/.rvm/gems/ruby-1.9.3-p194/gems/atk-1.2.1/ext/atk -I/home/simon/.rvm/gems/ruby-1.9.3-p194/gems/atk-1.2.1/ext/atk -I/home/simon/.rvm/gems/ruby-1.9.3-p194/gems/glib2-1.2.1/ext/glib2 -I/home/simon/.rvm/gems/ruby-1.9.3-p194/gems/glib2-1.2.1/ext/glib2 -I/home/simon/.rvm/gems/ruby-1.9.3-p194/gems/glib2-1.2.1/ext/glib2 -I/home/simon/.rvm/gems/ruby-1.9.3-p194/gems/glib2-1.2.1/ext/glib2 -I/home/simon/.rvm/gems/ruby-1.9.3-p194/gems/glib2-1.2.1/ext/glib2 -I/home/simon/.rvm/rubies/ruby-1.9.3-p194/include/ruby-1.9.1/x86_64-linux -I/home/simon/.rvm/rubies/ruby-1.9.3-p194/include/ruby-1.9.1/ruby/backward -I/home/simon/.rvm/rubies/ruby-1.9.3-p194/include/ruby-1.9.1 -I. -I/home/simon/.rvm/rubies/ruby-1.9.3-p194/lib/ruby/site_ruby/1.9.1/x86_64-linux  -I/home/simon/.rvm/rubies/ruby-1.9.3-p194/lib/ruby/vendor_ruby/1.9.1/x86_64-linux  -I/home/simon/.rvm/usr/include     -O3 -ggdb -Wextra -Wno-unused-parameter -Wno-parentheses -Wno-long-long -Wno-missing-field-initializers -Wpointer-arith -Wwrite-strings -Wdeclaration-after-statement -Wimplicit-function-declaration  -fPIC -Wall -Waggregate-return -Wcast-align -Wextra -Wformat=2 -Winit-self -Wlarger-than-65500 -Wmissing-declarations -Wmissing-format-attribute -Wmissing-include-dirs -Wmissing-noreturn -Wmissing-prototypes -Wnested-externs -Wold-style-definition -Wpacked -Wp,-D_FORTIFY_SOURCE=2 -Wpointer-arith -Wswitch-default -Wswitch-enum -Wundef -Wunsafe-loop-optimizations -Wwrite-strings -I/home/simon/.rvm/gems/ruby-1.9.3-p194/gems/cairo-1.12.3/ext/cairo -I/usr/include/cairo -I/usr/include/glib-2.0 -I/usr/lib/x86_64-linux-gnu/glib-2.0/include -I/usr/include/pixman-1 -I/usr/include/freetype2 -I/usr/include/libpng12 -pthread -I/usr/include/gtk-2.0 -I/usr/include/pango-1.0 -I/usr/include/freetype2 -I/usr/include/glib-2.0 -I/usr/lib/x86_64-linux-gnu/glib-2.0/include -I/usr/include/gdk-pixbuf-2.0 -I/usr/include/libpng12 -I/usr/include/cairo -I/usr/include/pixman-1 -I/usr/include/atk-1.0 -I/usr/lib/x86_64-linux-gnu/gtk-2.0/include -I/usr/include/gio-unix-2.0/  conftest.c -o conftest.i"
checked program was:
/* begin */
1: #include "ruby.h"
2: 
3: #include <X11/Xlib.h>
/* end */

--------------------

have_library: checking for main() in -lX11... -------------------- yes

"gcc -o conftest -I/home/simon/.rvm/gems/ruby-1.9.3-p194/gems/gdk_pixbuf2-1.2.1/ext/gdk_pixbuf2 -I/home/simon/.rvm/gems/ruby-1.9.3-p194/gems/gdk_pixbuf2-1.2.1/ext/gdk_pixbuf2 -I/home/simon/.rvm/gems/ruby-1.9.3-p194/gems/gdk_pixbuf2-1.2.1/ext/gdk_pixbuf2 -I/home/simon/.rvm/gems/ruby-1.9.3-p194/gems/gdk_pixbuf2-1.2.1/ext/gdk_pixbuf2 -I/home/simon/.rvm/gems/ruby-1.9.3-p194/gems/gdk_pixbuf2-1.2.1/ext/gdk_pixbuf2 -I/home/simon/.rvm/gems/ruby-1.9.3-p194/gems/pango-1.2.1/ext/pango -I/home/simon/.rvm/gems/ruby-1.9.3-p194/gems/pango-1.2.1/ext/pango -I/home/simon/.rvm/gems/ruby-1.9.3-p194/gems/pango-1.2.1/ext/pango -I/home/simon/.rvm/gems/ruby-1.9.3-p194/gems/pango-1.2.1/ext/pango -I/home/simon/.rvm/gems/ruby-1.9.3-p194/gems/pango-1.2.1/ext/pango -I/home/simon/.rvm/gems/ruby-1.9.3-p194/gems/atk-1.2.1/ext/atk -I/home/simon/.rvm/gems/ruby-1.9.3-p194/gems/atk-1.2.1/ext/atk -I/home/simon/.rvm/gems/ruby-1.9.3-p194/gems/atk-1.2.1/ext/atk -I/home/simon/.rvm/gems/ruby-1.9.3-p194/gems/atk-1.2.1/ext/atk -I/home/simon/.rvm/gems/ruby-1.9.3-p194/gems/atk-1.2.1/ext/atk -I/home/simon/.rvm/gems/ruby-1.9.3-p194/gems/glib2-1.2.1/ext/glib2 -I/home/simon/.rvm/gems/ruby-1.9.3-p194/gems/glib2-1.2.1/ext/glib2 -I/home/simon/.rvm/gems/ruby-1.9.3-p194/gems/glib2-1.2.1/ext/glib2 -I/home/simon/.rvm/gems/ruby-1.9.3-p194/gems/glib2-1.2.1/ext/glib2 -I/home/simon/.rvm/gems/ruby-1.9.3-p194/gems/glib2-1.2.1/ext/glib2 -I/home/simon/.rvm/rubies/ruby-1.9.3-p194/include/ruby-1.9.1/x86_64-linux -I/home/simon/.rvm/rubies/ruby-1.9.3-p194/include/ruby-1.9.1/ruby/backward -I/home/simon/.rvm/rubies/ruby-1.9.3-p194/include/ruby-1.9.1 -I. -I/home/simon/.rvm/rubies/ruby-1.9.3-p194/lib/ruby/site_ruby/1.9.1/x86_64-linux  -I/home/simon/.rvm/rubies/ruby-1.9.3-p194/lib/ruby/vendor_ruby/1.9.1/x86_64-linux  -I/home/simon/.rvm/usr/include     -O3 -ggdb -Wextra -Wno-unused-parameter -Wno-parentheses -Wno-long-long -Wno-missing-field-initializers -Wpointer-arith -Wwrite-strings -Wdeclaration-after-statement -Wimplicit-function-declaration  -fPIC -Wall -Waggregate-return -Wcast-align -Wextra -Wformat=2 -Winit-self -Wlarger-than-65500 -Wmissing-declarations -Wmissing-format-attribute -Wmissing-include-dirs -Wmissing-noreturn -Wmissing-prototypes -Wnested-externs -Wold-style-definition -Wpacked -Wp,-D_FORTIFY_SOURCE=2 -Wpointer-arith -Wswitch-default -Wswitch-enum -Wundef -Wunsafe-loop-optimizations -Wwrite-strings -I/home/simon/.rvm/gems/ruby-1.9.3-p194/gems/cairo-1.12.3/ext/cairo -I/usr/include/cairo -I/usr/include/glib-2.0 -I/usr/lib/x86_64-linux-gnu/glib-2.0/include -I/usr/include/pixman-1 -I/usr/include/freetype2 -I/usr/include/libpng12 -pthread -I/usr/include/gtk-2.0 -I/usr/include/pango-1.0 -I/usr/include/freetype2 -I/usr/include/glib-2.0 -I/usr/lib/x86_64-linux-gnu/glib-2.0/include -I/usr/include/gdk-pixbuf-2.0 -I/usr/include/libpng12 -I/usr/include/cairo -I/usr/include/pixman-1 -I/usr/include/atk-1.0 -I/usr/lib/x86_64-linux-gnu/gtk-2.0/include -I/usr/include/gio-unix-2.0/ conftest.c  -L. -L/home/simon/.rvm/rubies/ruby-1.9.3-p194/lib -Wl,-R/home/simon/.rvm/rubies/ruby-1.9.3-p194/lib -L/home/simon/.rvm/usr/lib -Wl,-R/home/simon/.rvm/usr/lib -L.  -rdynamic -Wl,-export-dynamic -L/usr/lib/x86_64-linux-gnu -L/usr/lib/x86_64-linux-gnu     -lcairo -lgtk-x11-2.0 -lgdk-x11-2.0 -lpango-1.0 -lglib-2.0 -lgobject-2.0 -lpangocairo-1.0 -lcairo -lgdk_pixbuf-2.0 -latk-1.0 -lgio-2.0 -lpangoft2-1.0 -lfreetype -lfontconfig -Wl,-R -Wl,/home/simon/.rvm/rubies/ruby-1.9.3-p194/lib -L/home/simon/.rvm/rubies/ruby-1.9.3-p194/lib -lruby -lX11  -lcairo -lgtk-x11-2.0 -lgdk-x11-2.0 -lpango-1.0 -lglib-2.0 -lgobject-2.0 -lpangocairo-1.0 -lcairo -lgdk_pixbuf-2.0 -latk-1.0 -lgio-2.0 -lpangoft2-1.0 -lfreetype -lfontconfig -lpthread -lrt -ldl -lcrypt -lm   -lc"
conftest.c: In function ‘main’:
conftest.c:4:5: warning: old-style function definition [-Wold-style-definition]
conftest.c: At top level:
conftest.c:5:5: warning: no previous prototype for ‘t’ [-Wmissing-prototypes]
conftest.c: In function ‘t’:
conftest.c:5:5: warning: old-style function definition [-Wold-style-definition]
conftest.c:5:28: warning: variable ‘p’ set but not used [-Wunused-but-set-variable]
checked program was:
/* begin */
1: #include "ruby.h"
2: 
3: /*top*/
4: int main() {return 0;}
5: int t() { void ((*volatile p)()); p = (void ((*)()))main; return 0; }
/* end */

--------------------

have_func: checking for XReadBitmapFileData() in X11/Xlib.h... -------------------- yes

"gcc -o conftest -I/home/simon/.rvm/gems/ruby-1.9.3-p194/gems/gdk_pixbuf2-1.2.1/ext/gdk_pixbuf2 -I/home/simon/.rvm/gems/ruby-1.9.3-p194/gems/gdk_pixbuf2-1.2.1/ext/gdk_pixbuf2 -I/home/simon/.rvm/gems/ruby-1.9.3-p194/gems/gdk_pixbuf2-1.2.1/ext/gdk_pixbuf2 -I/home/simon/.rvm/gems/ruby-1.9.3-p194/gems/gdk_pixbuf2-1.2.1/ext/gdk_pixbuf2 -I/home/simon/.rvm/gems/ruby-1.9.3-p194/gems/gdk_pixbuf2-1.2.1/ext/gdk_pixbuf2 -I/home/simon/.rvm/gems/ruby-1.9.3-p194/gems/pango-1.2.1/ext/pango -I/home/simon/.rvm/gems/ruby-1.9.3-p194/gems/pango-1.2.1/ext/pango -I/home/simon/.rvm/gems/ruby-1.9.3-p194/gems/pango-1.2.1/ext/pango -I/home/simon/.rvm/gems/ruby-1.9.3-p194/gems/pango-1.2.1/ext/pango -I/home/simon/.rvm/gems/ruby-1.9.3-p194/gems/pango-1.2.1/ext/pango -I/home/simon/.rvm/gems/ruby-1.9.3-p194/gems/atk-1.2.1/ext/atk -I/home/simon/.rvm/gems/ruby-1.9.3-p194/gems/atk-1.2.1/ext/atk -I/home/simon/.rvm/gems/ruby-1.9.3-p194/gems/atk-1.2.1/ext/atk -I/home/simon/.rvm/gems/ruby-1.9.3-p194/gems/atk-1.2.1/ext/atk -I/home/simon/.rvm/gems/ruby-1.9.3-p194/gems/atk-1.2.1/ext/atk -I/home/simon/.rvm/gems/ruby-1.9.3-p194/gems/glib2-1.2.1/ext/glib2 -I/home/simon/.rvm/gems/ruby-1.9.3-p194/gems/glib2-1.2.1/ext/glib2 -I/home/simon/.rvm/gems/ruby-1.9.3-p194/gems/glib2-1.2.1/ext/glib2 -I/home/simon/.rvm/gems/ruby-1.9.3-p194/gems/glib2-1.2.1/ext/glib2 -I/home/simon/.rvm/gems/ruby-1.9.3-p194/gems/glib2-1.2.1/ext/glib2 -I/home/simon/.rvm/rubies/ruby-1.9.3-p194/include/ruby-1.9.1/x86_64-linux -I/home/simon/.rvm/rubies/ruby-1.9.3-p194/include/ruby-1.9.1/ruby/backward -I/home/simon/.rvm/rubies/ruby-1.9.3-p194/include/ruby-1.9.1 -I. -I/home/simon/.rvm/rubies/ruby-1.9.3-p194/lib/ruby/site_ruby/1.9.1/x86_64-linux  -I/home/simon/.rvm/rubies/ruby-1.9.3-p194/lib/ruby/vendor_ruby/1.9.1/x86_64-linux  -I/home/simon/.rvm/usr/include     -O3 -ggdb -Wextra -Wno-unused-parameter -Wno-parentheses -Wno-long-long -Wno-missing-field-initializers -Wpointer-arith -Wwrite-strings -Wdeclaration-after-statement -Wimplicit-function-declaration  -fPIC -Wall -Waggregate-return -Wcast-align -Wextra -Wformat=2 -Winit-self -Wlarger-than-65500 -Wmissing-declarations -Wmissing-format-attribute -Wmissing-include-dirs -Wmissing-noreturn -Wmissing-prototypes -Wnested-externs -Wold-style-definition -Wpacked -Wp,-D_FORTIFY_SOURCE=2 -Wpointer-arith -Wswitch-default -Wswitch-enum -Wundef -Wunsafe-loop-optimizations -Wwrite-strings -I/home/simon/.rvm/gems/ruby-1.9.3-p194/gems/cairo-1.12.3/ext/cairo -I/usr/include/cairo -I/usr/include/glib-2.0 -I/usr/lib/x86_64-linux-gnu/glib-2.0/include -I/usr/include/pixman-1 -I/usr/include/freetype2 -I/usr/include/libpng12 -pthread -I/usr/include/gtk-2.0 -I/usr/include/pango-1.0 -I/usr/include/freetype2 -I/usr/include/glib-2.0 -I/usr/lib/x86_64-linux-gnu/glib-2.0/include -I/usr/include/gdk-pixbuf-2.0 -I/usr/include/libpng12 -I/usr/include/cairo -I/usr/include/pixman-1 -I/usr/include/atk-1.0 -I/usr/lib/x86_64-linux-gnu/gtk-2.0/include -I/usr/include/gio-unix-2.0/ conftest.c  -L. -L/home/simon/.rvm/rubies/ruby-1.9.3-p194/lib -Wl,-R/home/simon/.rvm/rubies/ruby-1.9.3-p194/lib -L/home/simon/.rvm/usr/lib -Wl,-R/home/simon/.rvm/usr/lib -L.  -rdynamic -Wl,-export-dynamic -L/usr/lib/x86_64-linux-gnu -L/usr/lib/x86_64-linux-gnu    -lX11  -lcairo -lgtk-x11-2.0 -lgdk-x11-2.0 -lpango-1.0 -lglib-2.0 -lgobject-2.0 -lpangocairo-1.0 -lcairo -lgdk_pixbuf-2.0 -latk-1.0 -lgio-2.0 -lpangoft2-1.0 -lfreetype -lfontconfig -Wl,-R -Wl,/home/simon/.rvm/rubies/ruby-1.9.3-p194/lib -L/home/simon/.rvm/rubies/ruby-1.9.3-p194/lib -lruby -lX11  -lcairo -lgtk-x11-2.0 -lgdk-x11-2.0 -lpango-1.0 -lglib-2.0 -lgobject-2.0 -lpangocairo-1.0 -lcairo -lgdk_pixbuf-2.0 -latk-1.0 -lgio-2.0 -lpangoft2-1.0 -lfreetype -lfontconfig -lpthread -lrt -ldl -lcrypt -lm   -lc"
conftest.c: In function ‘main’:
conftest.c:6:5: warning: old-style function definition [-Wold-style-definition]
conftest.c: At top level:
conftest.c:7:5: warning: no previous prototype for ‘t’ [-Wmissing-prototypes]
conftest.c: In function ‘t’:
conftest.c:7:5: warning: old-style function definition [-Wold-style-definition]
conftest.c:7:28: warning: variable ‘p’ set but not used [-Wunused-but-set-variable]
checked program was:
/* begin */
1: #include "ruby.h"
2: 
3: #include <X11/Xlib.h>
4: 
5: /*top*/
6: int main() {return 0;}
7: int t() { void ((*volatile p)()); p = (void ((*)()))XReadBitmapFileData; return 0; }
/* end */

--------------------

have_func: checking for XGetErrorText() in X11/Xlib.h... -------------------- yes

"gcc -o conftest -I/home/simon/.rvm/gems/ruby-1.9.3-p194/gems/gdk_pixbuf2-1.2.1/ext/gdk_pixbuf2 -I/home/simon/.rvm/gems/ruby-1.9.3-p194/gems/gdk_pixbuf2-1.2.1/ext/gdk_pixbuf2 -I/home/simon/.rvm/gems/ruby-1.9.3-p194/gems/gdk_pixbuf2-1.2.1/ext/gdk_pixbuf2 -I/home/simon/.rvm/gems/ruby-1.9.3-p194/gems/gdk_pixbuf2-1.2.1/ext/gdk_pixbuf2 -I/home/simon/.rvm/gems/ruby-1.9.3-p194/gems/gdk_pixbuf2-1.2.1/ext/gdk_pixbuf2 -I/home/simon/.rvm/gems/ruby-1.9.3-p194/gems/pango-1.2.1/ext/pango -I/home/simon/.rvm/gems/ruby-1.9.3-p194/gems/pango-1.2.1/ext/pango -I/home/simon/.rvm/gems/ruby-1.9.3-p194/gems/pango-1.2.1/ext/pango -I/home/simon/.rvm/gems/ruby-1.9.3-p194/gems/pango-1.2.1/ext/pango -I/home/simon/.rvm/gems/ruby-1.9.3-p194/gems/pango-1.2.1/ext/pango -I/home/simon/.rvm/gems/ruby-1.9.3-p194/gems/atk-1.2.1/ext/atk -I/home/simon/.rvm/gems/ruby-1.9.3-p194/gems/atk-1.2.1/ext/atk -I/home/simon/.rvm/gems/ruby-1.9.3-p194/gems/atk-1.2.1/ext/atk -I/home/simon/.rvm/gems/ruby-1.9.3-p194/gems/atk-1.2.1/ext/atk -I/home/simon/.rvm/gems/ruby-1.9.3-p194/gems/atk-1.2.1/ext/atk -I/home/simon/.rvm/gems/ruby-1.9.3-p194/gems/glib2-1.2.1/ext/glib2 -I/home/simon/.rvm/gems/ruby-1.9.3-p194/gems/glib2-1.2.1/ext/glib2 -I/home/simon/.rvm/gems/ruby-1.9.3-p194/gems/glib2-1.2.1/ext/glib2 -I/home/simon/.rvm/gems/ruby-1.9.3-p194/gems/glib2-1.2.1/ext/glib2 -I/home/simon/.rvm/gems/ruby-1.9.3-p194/gems/glib2-1.2.1/ext/glib2 -I/home/simon/.rvm/rubies/ruby-1.9.3-p194/include/ruby-1.9.1/x86_64-linux -I/home/simon/.rvm/rubies/ruby-1.9.3-p194/include/ruby-1.9.1/ruby/backward -I/home/simon/.rvm/rubies/ruby-1.9.3-p194/include/ruby-1.9.1 -I. -I/home/simon/.rvm/rubies/ruby-1.9.3-p194/lib/ruby/site_ruby/1.9.1/x86_64-linux  -I/home/simon/.rvm/rubies/ruby-1.9.3-p194/lib/ruby/vendor_ruby/1.9.1/x86_64-linux  -I/home/simon/.rvm/usr/include     -O3 -ggdb -Wextra -Wno-unused-parameter -Wno-parentheses -Wno-long-long -Wno-missing-field-initializers -Wpointer-arith -Wwrite-strings -Wdeclaration-after-statement -Wimplicit-function-declaration  -fPIC -Wall -Waggregate-return -Wcast-align -Wextra -Wformat=2 -Winit-self -Wlarger-than-65500 -Wmissing-declarations -Wmissing-format-attribute -Wmissing-include-dirs -Wmissing-noreturn -Wmissing-prototypes -Wnested-externs -Wold-style-definition -Wpacked -Wp,-D_FORTIFY_SOURCE=2 -Wpointer-arith -Wswitch-default -Wswitch-enum -Wundef -Wunsafe-loop-optimizations -Wwrite-strings -I/home/simon/.rvm/gems/ruby-1.9.3-p194/gems/cairo-1.12.3/ext/cairo -I/usr/include/cairo -I/usr/include/glib-2.0 -I/usr/lib/x86_64-linux-gnu/glib-2.0/include -I/usr/include/pixman-1 -I/usr/include/freetype2 -I/usr/include/libpng12 -pthread -I/usr/include/gtk-2.0 -I/usr/include/pango-1.0 -I/usr/include/freetype2 -I/usr/include/glib-2.0 -I/usr/lib/x86_64-linux-gnu/glib-2.0/include -I/usr/include/gdk-pixbuf-2.0 -I/usr/include/libpng12 -I/usr/include/cairo -I/usr/include/pixman-1 -I/usr/include/atk-1.0 -I/usr/lib/x86_64-linux-gnu/gtk-2.0/include -I/usr/include/gio-unix-2.0/ conftest.c  -L. -L/home/simon/.rvm/rubies/ruby-1.9.3-p194/lib -Wl,-R/home/simon/.rvm/rubies/ruby-1.9.3-p194/lib -L/home/simon/.rvm/usr/lib -Wl,-R/home/simon/.rvm/usr/lib -L.  -rdynamic -Wl,-export-dynamic -L/usr/lib/x86_64-linux-gnu -L/usr/lib/x86_64-linux-gnu    -lX11  -lcairo -lgtk-x11-2.0 -lgdk-x11-2.0 -lpango-1.0 -lglib-2.0 -lgobject-2.0 -lpangocairo-1.0 -lcairo -lgdk_pixbuf-2.0 -latk-1.0 -lgio-2.0 -lpangoft2-1.0 -lfreetype -lfontconfig -Wl,-R -Wl,/home/simon/.rvm/rubies/ruby-1.9.3-p194/lib -L/home/simon/.rvm/rubies/ruby-1.9.3-p194/lib -lruby -lX11  -lcairo -lgtk-x11-2.0 -lgdk-x11-2.0 -lpango-1.0 -lglib-2.0 -lgobject-2.0 -lpangocairo-1.0 -lcairo -lgdk_pixbuf-2.0 -latk-1.0 -lgio-2.0 -lpangoft2-1.0 -lfreetype -lfontconfig -lpthread -lrt -ldl -lcrypt -lm   -lc"
conftest.c: In function ‘main’:
conftest.c:6:5: warning: old-style function definition [-Wold-style-definition]
conftest.c: At top level:
conftest.c:7:5: warning: no previous prototype for ‘t’ [-Wmissing-prototypes]
conftest.c: In function ‘t’:
conftest.c:7:5: warning: old-style function definition [-Wold-style-definition]
conftest.c:7:28: warning: variable ‘p’ set but not used [-Wunused-but-set-variable]
checked program was:
/* begin */
1: #include "ruby.h"
2: 
3: #include <X11/Xlib.h>
4: 
5: /*top*/
6: int main() {return 0;}
7: int t() { void ((*volatile p)()); p = (void ((*)()))XGetErrorText; return 0; }
/* end */

--------------------

have_package: checking for gtk+-unix-print-2.0... -------------------- yes

--------------------

